{"/mnt/WorkingDrive_1/projects/cutshortAssignmetn/social-media-todo-liste/src/app.js": {"path":"/mnt/WorkingDrive_1/projects/cutshortAssignmetn/social-media-todo-liste/src/app.js","statementMap":{"0":{"start":{"line":19,"column":12},"end":{"line":19,"column":21}},"1":{"start":{"line":20,"column":15},"end":{"line":20,"column":35}},"2":{"start":{"line":21,"column":69},"end":{"line":21,"column":78}},"3":{"start":{"line":23,"column":0},"end":{"line":27,"column":3}},"4":{"start":{"line":28,"column":0},"end":{"line":31,"column":1}},"5":{"start":{"line":29,"column":2},"end":{"line":29,"column":28}},"6":{"start":{"line":30,"column":2},"end":{"line":30,"column":38}},"7":{"start":{"line":32,"column":28},"end":{"line":52,"column":1}},"8":{"start":{"line":34,"column":2},"end":{"line":50,"column":3}},"9":{"start":{"line":35,"column":4},"end":{"line":41,"column":6}},"10":{"start":{"line":43,"column":4},"end":{"line":49,"column":6}},"11":{"start":{"line":51,"column":2},"end":{"line":51,"column":30}},"12":{"start":{"line":54,"column":0},"end":{"line":54,"column":19}},"13":{"start":{"line":55,"column":0},"end":{"line":55,"column":24}},"14":{"start":{"line":56,"column":0},"end":{"line":65,"column":2}},"15":{"start":{"line":66,"column":0},"end":{"line":66,"column":24}},"16":{"start":{"line":67,"column":0},"end":{"line":67,"column":48}},"17":{"start":{"line":68,"column":0},"end":{"line":68,"column":28}},"18":{"start":{"line":69,"column":0},"end":{"line":69,"column":23}},"19":{"start":{"line":70,"column":0},"end":{"line":70,"column":18}},"20":{"start":{"line":71,"column":0},"end":{"line":71,"column":32}},"21":{"start":{"line":72,"column":0},"end":{"line":72,"column":40}},"22":{"start":{"line":75,"column":0},"end":{"line":75,"column":22}},"23":{"start":{"line":76,"column":0},"end":{"line":76,"column":35}},"24":{"start":{"line":78,"column":0},"end":{"line":78,"column":29}},"25":{"start":{"line":80,"column":0},"end":{"line":80,"column":23}},"26":{"start":{"line":81,"column":0},"end":{"line":81,"column":26}},"27":{"start":{"line":82,"column":0},"end":{"line":82,"column":27}},"28":{"start":{"line":84,"column":0},"end":{"line":84,"column":28}},"29":{"start":{"line":85,"column":0},"end":{"line":85,"column":20}},"30":{"start":{"line":86,"column":0},"end":{"line":86,"column":18}}},"fnMap":{"0":{"name":"(anonymous_0)","decl":{"start":{"line":32,"column":28},"end":{"line":32,"column":29}},"loc":{"start":{"line":32,"column":52},"end":{"line":52,"column":1}},"line":32}},"branchMap":{"0":{"loc":{"start":{"line":28,"column":0},"end":{"line":31,"column":1}},"type":"if","locations":[{"start":{"line":28,"column":0},"end":{"line":31,"column":1}},{"start":{},"end":{}}],"line":28},"1":{"loc":{"start":{"line":34,"column":2},"end":{"line":50,"column":3}},"type":"if","locations":[{"start":{"line":34,"column":2},"end":{"line":50,"column":3}},{"start":{"line":42,"column":9},"end":{"line":50,"column":3}}],"line":34}},"s":{"0":1,"1":1,"2":1,"3":1,"4":1,"5":0,"6":0,"7":1,"8":1,"9":0,"10":1,"11":1,"12":1,"13":1,"14":1,"15":1,"16":1,"17":1,"18":1,"19":1,"20":1,"21":1,"22":1,"23":1,"24":1,"25":1,"26":1,"27":1,"28":1,"29":1,"30":1},"f":{"0":1},"b":{"0":[0,1],"1":[0,1]},"_coverageSchema":"1a1c01bbd47fc00a2c39e90264f33305004495a9","hash":"92023658d394e11e22b333d0b292e59c72eb2ea3"}
,"/mnt/WorkingDrive_1/projects/cutshortAssignmetn/social-media-todo-liste/src/appConfig.js": {"path":"/mnt/WorkingDrive_1/projects/cutshortAssignmetn/social-media-todo-liste/src/appConfig.js","statementMap":{"0":{"start":{"line":4,"column":18},"end":{"line":4,"column":32}}},"fnMap":{},"branchMap":{"0":{"loc":{"start":{"line":7,"column":8},"end":{"line":7,"column":52}},"type":"binary-expr","locations":[{"start":{"line":7,"column":8},"end":{"line":7,"column":26}},{"start":{"line":7,"column":30},"end":{"line":7,"column":46}},{"start":{"line":7,"column":50},"end":{"line":7,"column":52}}],"line":7},"1":{"loc":{"start":{"line":8,"column":19},"end":{"line":8,"column":87}},"type":"binary-expr","locations":[{"start":{"line":8,"column":19},"end":{"line":8,"column":49}},{"start":{"line":8,"column":53},"end":{"line":8,"column":81}},{"start":{"line":8,"column":85},"end":{"line":8,"column":87}}],"line":8},"2":{"loc":{"start":{"line":9,"column":19},"end":{"line":9,"column":87}},"type":"binary-expr","locations":[{"start":{"line":9,"column":19},"end":{"line":9,"column":49}},{"start":{"line":9,"column":53},"end":{"line":9,"column":81}},{"start":{"line":9,"column":85},"end":{"line":9,"column":87}}],"line":9},"3":{"loc":{"start":{"line":12,"column":17},"end":{"line":12,"column":81}},"type":"binary-expr","locations":[{"start":{"line":12,"column":17},"end":{"line":12,"column":45}},{"start":{"line":12,"column":49},"end":{"line":12,"column":75}},{"start":{"line":12,"column":79},"end":{"line":12,"column":81}}],"line":12},"4":{"loc":{"start":{"line":13,"column":17},"end":{"line":13,"column":81}},"type":"binary-expr","locations":[{"start":{"line":13,"column":17},"end":{"line":13,"column":45}},{"start":{"line":13,"column":49},"end":{"line":13,"column":75}},{"start":{"line":13,"column":79},"end":{"line":13,"column":81}}],"line":13},"5":{"loc":{"start":{"line":14,"column":13},"end":{"line":14,"column":69}},"type":"binary-expr","locations":[{"start":{"line":14,"column":13},"end":{"line":14,"column":37}},{"start":{"line":14,"column":41},"end":{"line":14,"column":63}},{"start":{"line":14,"column":67},"end":{"line":14,"column":69}}],"line":14},"6":{"loc":{"start":{"line":15,"column":13},"end":{"line":15,"column":77}},"type":"binary-expr","locations":[{"start":{"line":15,"column":13},"end":{"line":15,"column":41}},{"start":{"line":15,"column":45},"end":{"line":15,"column":71}},{"start":{"line":15,"column":75},"end":{"line":15,"column":77}}],"line":15},"7":{"loc":{"start":{"line":16,"column":15},"end":{"line":16,"column":70}},"type":"binary-expr","locations":[{"start":{"line":16,"column":15},"end":{"line":16,"column":40}},{"start":{"line":16,"column":44},"end":{"line":16,"column":64}},{"start":{"line":16,"column":68},"end":{"line":16,"column":70}}],"line":16},"8":{"loc":{"start":{"line":17,"column":12},"end":{"line":17,"column":66}},"type":"binary-expr","locations":[{"start":{"line":17,"column":12},"end":{"line":17,"column":35}},{"start":{"line":17,"column":39},"end":{"line":17,"column":60}},{"start":{"line":17,"column":64},"end":{"line":17,"column":66}}],"line":17}},"s":{"0":1},"f":{},"b":{"0":[1,0,0],"1":[1,0,0],"2":[1,0,0],"3":[1,0,0],"4":[1,0,0],"5":[1,0,0],"6":[1,0,0],"7":[1,0,0],"8":[1,0,0]},"_coverageSchema":"1a1c01bbd47fc00a2c39e90264f33305004495a9","hash":"32ba6c0654e7a0fd709c8970c11da204f112cf99"}
,"/mnt/WorkingDrive_1/projects/cutshortAssignmetn/social-media-todo-liste/src/helper/encryptionHelper.js": {"path":"/mnt/WorkingDrive_1/projects/cutshortAssignmetn/social-media-todo-liste/src/helper/encryptionHelper.js","statementMap":{"0":{"start":{"line":4,"column":22},"end":{"line":4,"column":28}},"1":{"start":{"line":6,"column":36},"end":{"line":11,"column":1}},"2":{"start":{"line":7,"column":2},"end":{"line":10,"column":25}},"3":{"start":{"line":13,"column":26},"end":{"line":17,"column":1}},"4":{"start":{"line":14,"column":15},"end":{"line":14,"column":49}},"5":{"start":{"line":15,"column":2},"end":{"line":15,"column":22}},"6":{"start":{"line":16,"column":2},"end":{"line":16,"column":28}},"7":{"start":{"line":19,"column":23},"end":{"line":25,"column":1}},"8":{"start":{"line":20,"column":13},"end":{"line":20,"column":35}},"9":{"start":{"line":21,"column":17},"end":{"line":21,"column":82}},"10":{"start":{"line":22,"column":18},"end":{"line":22,"column":38}},"11":{"start":{"line":23,"column":2},"end":{"line":23,"column":57}},"12":{"start":{"line":24,"column":2},"end":{"line":24,"column":62}},"13":{"start":{"line":27,"column":23},"end":{"line":37,"column":1}},"14":{"start":{"line":28,"column":20},"end":{"line":28,"column":36}},"15":{"start":{"line":29,"column":13},"end":{"line":29,"column":50}},"16":{"start":{"line":30,"column":24},"end":{"line":30,"column":63}},"17":{"start":{"line":31,"column":19},"end":{"line":31,"column":86}},"18":{"start":{"line":32,"column":18},"end":{"line":32,"column":48}},"19":{"start":{"line":34,"column":2},"end":{"line":34,"column":59}},"20":{"start":{"line":36,"column":2},"end":{"line":36,"column":30}}},"fnMap":{"0":{"name":"(anonymous_0)","decl":{"start":{"line":6,"column":36},"end":{"line":6,"column":37}},"loc":{"start":{"line":6,"column":49},"end":{"line":11,"column":1}},"line":6},"1":{"name":"(anonymous_1)","decl":{"start":{"line":13,"column":26},"end":{"line":13,"column":27}},"loc":{"start":{"line":13,"column":45},"end":{"line":17,"column":1}},"line":13},"2":{"name":"(anonymous_2)","decl":{"start":{"line":19,"column":23},"end":{"line":19,"column":24}},"loc":{"start":{"line":19,"column":34},"end":{"line":25,"column":1}},"line":19},"3":{"name":"(anonymous_3)","decl":{"start":{"line":27,"column":23},"end":{"line":27,"column":24}},"loc":{"start":{"line":27,"column":34},"end":{"line":37,"column":1}},"line":27}},"branchMap":{},"s":{"0":1,"1":1,"2":1,"3":1,"4":0,"5":0,"6":0,"7":1,"8":0,"9":0,"10":0,"11":0,"12":0,"13":1,"14":0,"15":0,"16":0,"17":0,"18":0,"19":0,"20":0},"f":{"0":1,"1":0,"2":0,"3":0},"b":{},"_coverageSchema":"1a1c01bbd47fc00a2c39e90264f33305004495a9","hash":"4e43d165c40bd8f5a04298c6f17003acb0e6e838"}
,"/mnt/WorkingDrive_1/projects/cutshortAssignmetn/social-media-todo-liste/src/helper/extraHelper.js": {"path":"/mnt/WorkingDrive_1/projects/cutshortAssignmetn/social-media-todo-liste/src/helper/extraHelper.js","statementMap":{"0":{"start":{"line":3,"column":12},"end":{"line":3,"column":40}},"1":{"start":{"line":5,"column":24},"end":{"line":15,"column":1}},"2":{"start":{"line":6,"column":2},"end":{"line":14,"column":3}},"3":{"start":{"line":7,"column":21},"end":{"line":9,"column":5}},"4":{"start":{"line":10,"column":4},"end":{"line":10,"column":58}},"5":{"start":{"line":12,"column":4},"end":{"line":12,"column":19}},"6":{"start":{"line":13,"column":4},"end":{"line":13,"column":12}},"7":{"start":{"line":17,"column":23},"end":{"line":27,"column":1}},"8":{"start":{"line":18,"column":2},"end":{"line":26,"column":3}},"9":{"start":{"line":19,"column":21},"end":{"line":21,"column":5}},"10":{"start":{"line":22,"column":4},"end":{"line":22,"column":58}},"11":{"start":{"line":24,"column":4},"end":{"line":24,"column":19}},"12":{"start":{"line":25,"column":4},"end":{"line":25,"column":12}}},"fnMap":{"0":{"name":"(anonymous_0)","decl":{"start":{"line":5,"column":24},"end":{"line":5,"column":25}},"loc":{"start":{"line":5,"column":50},"end":{"line":15,"column":1}},"line":5},"1":{"name":"(anonymous_1)","decl":{"start":{"line":17,"column":23},"end":{"line":17,"column":24}},"loc":{"start":{"line":17,"column":49},"end":{"line":27,"column":1}},"line":17}},"branchMap":{},"s":{"0":1,"1":1,"2":1,"3":1,"4":1,"5":0,"6":0,"7":1,"8":0,"9":0,"10":0,"11":0,"12":0},"f":{"0":1,"1":0},"b":{},"_coverageSchema":"1a1c01bbd47fc00a2c39e90264f33305004495a9","hash":"49462cd355afbb40e099ae48bb0c8342487c8c34"}
,"/mnt/WorkingDrive_1/projects/cutshortAssignmetn/social-media-todo-liste/src/helper/sessionHelper.js": {"path":"/mnt/WorkingDrive_1/projects/cutshortAssignmetn/social-media-todo-liste/src/helper/sessionHelper.js","statementMap":{"0":{"start":{"line":6,"column":26},"end":{"line":6,"column":35}},"1":{"start":{"line":8,"column":15},"end":{"line":8,"column":34}},"2":{"start":{"line":9,"column":16},"end":{"line":9,"column":40}},"3":{"start":{"line":11,"column":29},"end":{"line":17,"column":1}},"4":{"start":{"line":19,"column":28},"end":{"line":24,"column":1}},"5":{"start":{"line":20,"column":2},"end":{"line":22,"column":3}},"6":{"start":{"line":21,"column":4},"end":{"line":21,"column":37}},"7":{"start":{"line":23,"column":2},"end":{"line":23,"column":9}},"8":{"start":{"line":26,"column":28},"end":{"line":38,"column":1}},"9":{"start":{"line":27,"column":31},"end":{"line":27,"column":34}},"10":{"start":{"line":30,"column":3},"end":{"line":34,"column":15}},"11":{"start":{"line":35,"column":2},"end":{"line":37,"column":64}},"12":{"start":{"line":36,"column":4},"end":{"line":36,"column":11}},"13":{"start":{"line":37,"column":9},"end":{"line":37,"column":64}}},"fnMap":{"0":{"name":"(anonymous_0)","decl":{"start":{"line":19,"column":28},"end":{"line":19,"column":29}},"loc":{"start":{"line":19,"column":48},"end":{"line":24,"column":1}},"line":19},"1":{"name":"(anonymous_1)","decl":{"start":{"line":26,"column":28},"end":{"line":26,"column":29}},"loc":{"start":{"line":26,"column":48},"end":{"line":38,"column":1}},"line":26}},"branchMap":{"0":{"loc":{"start":{"line":20,"column":2},"end":{"line":22,"column":3}},"type":"if","locations":[{"start":{"line":20,"column":2},"end":{"line":22,"column":3}},{"start":{},"end":{}}],"line":20},"1":{"loc":{"start":{"line":20,"column":6},"end":{"line":20,"column":55}},"type":"binary-expr","locations":[{"start":{"line":20,"column":6},"end":{"line":20,"column":34}},{"start":{"line":20,"column":38},"end":{"line":20,"column":55}}],"line":20},"2":{"loc":{"start":{"line":30,"column":3},"end":{"line":34,"column":15}},"type":"binary-expr","locations":[{"start":{"line":30,"column":3},"end":{"line":30,"column":22}},{"start":{"line":31,"column":3},"end":{"line":31,"column":24}},{"start":{"line":32,"column":3},"end":{"line":32,"column":36}},{"start":{"line":33,"column":3},"end":{"line":33,"column":45}},{"start":{"line":34,"column":3},"end":{"line":34,"column":15}}],"line":30},"3":{"loc":{"start":{"line":35,"column":2},"end":{"line":37,"column":64}},"type":"if","locations":[{"start":{"line":35,"column":2},"end":{"line":37,"column":64}},{"start":{"line":37,"column":9},"end":{"line":37,"column":64}}],"line":35}},"s":{"0":1,"1":1,"2":1,"3":1,"4":1,"5":1,"6":0,"7":1,"8":1,"9":0,"10":0,"11":0,"12":0,"13":0},"f":{"0":1,"1":0},"b":{"0":[0,1],"1":[1,0],"2":[0,0,0,0,0],"3":[0,0]},"_coverageSchema":"1a1c01bbd47fc00a2c39e90264f33305004495a9","hash":"7c42562f16e4da95064f46477e6e954b23b0b1c8"}
,"/mnt/WorkingDrive_1/projects/cutshortAssignmetn/social-media-todo-liste/src/middleware/errorMiddleware.js": {"path":"/mnt/WorkingDrive_1/projects/cutshortAssignmetn/social-media-todo-liste/src/middleware/errorMiddleware.js","statementMap":{"0":{"start":{"line":2,"column":15},"end":{"line":2,"column":42}},"1":{"start":{"line":4,"column":24},"end":{"line":8,"column":1}},"2":{"start":{"line":5,"column":2},"end":{"line":5,"column":18}},"3":{"start":{"line":6,"column":16},"end":{"line":6,"column":62}},"4":{"start":{"line":7,"column":2},"end":{"line":7,"column":14}},"5":{"start":{"line":10,"column":26},"end":{"line":20,"column":1}},"6":{"start":{"line":11,"column":21},"end":{"line":11,"column":66}},"7":{"start":{"line":12,"column":2},"end":{"line":12,"column":25}},"8":{"start":{"line":13,"column":2},"end":{"line":18,"column":5}},"9":{"start":{"line":19,"column":2},"end":{"line":19,"column":9}},"10":{"start":{"line":22,"column":30},"end":{"line":45,"column":1}},"11":{"start":{"line":25,"column":2},"end":{"line":25,"column":82}},"12":{"start":{"line":26,"column":2},"end":{"line":40,"column":4}},"13":{"start":{"line":41,"column":2},"end":{"line":43,"column":3}},"14":{"start":{"line":42,"column":4},"end":{"line":42,"column":33}},"15":{"start":{"line":44,"column":2},"end":{"line":44,"column":9}},"16":{"start":{"line":47,"column":34},"end":{"line":55,"column":1}},"17":{"start":{"line":48,"column":2},"end":{"line":53,"column":3}},"18":{"start":{"line":49,"column":4},"end":{"line":49,"column":67}},"19":{"start":{"line":50,"column":9},"end":{"line":53,"column":3}},"20":{"start":{"line":51,"column":4},"end":{"line":51,"column":67}},"21":{"start":{"line":52,"column":4},"end":{"line":52,"column":16}},"22":{"start":{"line":54,"column":2},"end":{"line":54,"column":9}}},"fnMap":{"0":{"name":"(anonymous_0)","decl":{"start":{"line":4,"column":24},"end":{"line":4,"column":25}},"loc":{"start":{"line":4,"column":44},"end":{"line":8,"column":1}},"line":4},"1":{"name":"(anonymous_1)","decl":{"start":{"line":10,"column":26},"end":{"line":10,"column":27}},"loc":{"start":{"line":10,"column":51},"end":{"line":20,"column":1}},"line":10},"2":{"name":"(anonymous_2)","decl":{"start":{"line":22,"column":30},"end":{"line":22,"column":31}},"loc":{"start":{"line":22,"column":50},"end":{"line":45,"column":1}},"line":22},"3":{"name":"(anonymous_3)","decl":{"start":{"line":47,"column":34},"end":{"line":47,"column":35}},"loc":{"start":{"line":47,"column":59},"end":{"line":55,"column":1}},"line":47}},"branchMap":{"0":{"loc":{"start":{"line":11,"column":21},"end":{"line":11,"column":66}},"type":"cond-expr","locations":[{"start":{"line":11,"column":46},"end":{"line":11,"column":60}},{"start":{"line":11,"column":63},"end":{"line":11,"column":66}}],"line":11},"1":{"loc":{"start":{"line":16,"column":13},"end":{"line":16,"column":74}},"type":"cond-expr","locations":[{"start":{"line":16,"column":53},"end":{"line":16,"column":62}},{"start":{"line":16,"column":65},"end":{"line":16,"column":74}}],"line":16},"2":{"loc":{"start":{"line":41,"column":2},"end":{"line":43,"column":3}},"type":"if","locations":[{"start":{"line":41,"column":2},"end":{"line":43,"column":3}},{"start":{},"end":{}}],"line":41},"3":{"loc":{"start":{"line":48,"column":2},"end":{"line":53,"column":3}},"type":"if","locations":[{"start":{"line":48,"column":2},"end":{"line":53,"column":3}},{"start":{"line":50,"column":9},"end":{"line":53,"column":3}}],"line":48},"4":{"loc":{"start":{"line":50,"column":9},"end":{"line":53,"column":3}},"type":"if","locations":[{"start":{"line":50,"column":9},"end":{"line":53,"column":3}},{"start":{},"end":{}}],"line":50}},"s":{"0":1,"1":1,"2":0,"3":0,"4":0,"5":1,"6":0,"7":0,"8":0,"9":0,"10":1,"11":1,"12":1,"13":1,"14":0,"15":1,"16":1,"17":0,"18":0,"19":0,"20":0,"21":0,"22":0},"f":{"0":0,"1":0,"2":1,"3":0},"b":{"0":[0,0],"1":[0,0],"2":[0,1],"3":[0,0],"4":[0,0]},"_coverageSchema":"1a1c01bbd47fc00a2c39e90264f33305004495a9","hash":"fc85916a1501a62c77d20459b012302a9025a55c"}
,"/mnt/WorkingDrive_1/projects/cutshortAssignmetn/social-media-todo-liste/src/middleware/middleware.js": {"path":"/mnt/WorkingDrive_1/projects/cutshortAssignmetn/social-media-todo-liste/src/middleware/middleware.js","statementMap":{"0":{"start":{"line":5,"column":24},"end":{"line":5,"column":33}},"1":{"start":{"line":6,"column":12},"end":{"line":6,"column":43}},"2":{"start":{"line":8,"column":19},"end":{"line":28,"column":1}},"3":{"start":{"line":9,"column":20},"end":{"line":9,"column":23}},"4":{"start":{"line":10,"column":2},"end":{"line":27,"column":4}},"5":{"start":{"line":30,"column":41},"end":{"line":122,"column":1}},"6":{"start":{"line":31,"column":2},"end":{"line":31,"column":65}},"7":{"start":{"line":31,"column":24},"end":{"line":31,"column":64}},"8":{"start":{"line":33,"column":2},"end":{"line":33,"column":74}},"9":{"start":{"line":35,"column":2},"end":{"line":52,"column":4}},"10":{"start":{"line":36,"column":4},"end":{"line":43,"column":5}},"11":{"start":{"line":37,"column":6},"end":{"line":42,"column":9}},"12":{"start":{"line":45,"column":47},"end":{"line":45,"column":57}},"13":{"start":{"line":46,"column":4},"end":{"line":51,"column":7}},"14":{"start":{"line":54,"column":2},"end":{"line":60,"column":4}},"15":{"start":{"line":55,"column":4},"end":{"line":59,"column":7}},"16":{"start":{"line":62,"column":2},"end":{"line":84,"column":4}},"17":{"start":{"line":63,"column":4},"end":{"line":63,"column":46}},"18":{"start":{"line":65,"column":4},"end":{"line":73,"column":5}},"19":{"start":{"line":66,"column":6},"end":{"line":72,"column":9}},"20":{"start":{"line":75,"column":69},"end":{"line":75,"column":79}},"21":{"start":{"line":77,"column":4},"end":{"line":83,"column":7}},"22":{"start":{"line":86,"column":2},"end":{"line":97,"column":4}},"23":{"start":{"line":87,"column":4},"end":{"line":87,"column":19}},"24":{"start":{"line":88,"column":4},"end":{"line":88,"column":23}},"25":{"start":{"line":90,"column":4},"end":{"line":96,"column":7}},"26":{"start":{"line":99,"column":2},"end":{"line":110,"column":4}},"27":{"start":{"line":100,"column":4},"end":{"line":100,"column":17}},"28":{"start":{"line":101,"column":4},"end":{"line":101,"column":20}},"29":{"start":{"line":103,"column":4},"end":{"line":109,"column":7}},"30":{"start":{"line":112,"column":2},"end":{"line":120,"column":4}},"31":{"start":{"line":113,"column":4},"end":{"line":119,"column":7}},"32":{"start":{"line":121,"column":2},"end":{"line":121,"column":9}}},"fnMap":{"0":{"name":"(anonymous_0)","decl":{"start":{"line":8,"column":19},"end":{"line":8,"column":20}},"loc":{"start":{"line":8,"column":65},"end":{"line":28,"column":1}},"line":8},"1":{"name":"(anonymous_1)","decl":{"start":{"line":30,"column":41},"end":{"line":30,"column":42}},"loc":{"start":{"line":30,"column":61},"end":{"line":122,"column":1}},"line":30},"2":{"name":"(anonymous_2)","decl":{"start":{"line":31,"column":18},"end":{"line":31,"column":19}},"loc":{"start":{"line":31,"column":24},"end":{"line":31,"column":64}},"line":31},"3":{"name":"(anonymous_3)","decl":{"start":{"line":35,"column":11},"end":{"line":35,"column":12}},"loc":{"start":{"line":35,"column":32},"end":{"line":52,"column":3}},"line":35},"4":{"name":"(anonymous_4)","decl":{"start":{"line":54,"column":16},"end":{"line":54,"column":17}},"loc":{"start":{"line":54,"column":39},"end":{"line":60,"column":3}},"line":54},"5":{"name":"(anonymous_5)","decl":{"start":{"line":62,"column":14},"end":{"line":62,"column":15}},"loc":{"start":{"line":62,"column":44},"end":{"line":84,"column":3}},"line":62},"6":{"name":"(anonymous_6)","decl":{"start":{"line":86,"column":28},"end":{"line":86,"column":29}},"loc":{"start":{"line":86,"column":35},"end":{"line":97,"column":3}},"line":86},"7":{"name":"(anonymous_7)","decl":{"start":{"line":99,"column":21},"end":{"line":99,"column":22}},"loc":{"start":{"line":99,"column":39},"end":{"line":110,"column":3}},"line":99},"8":{"name":"(anonymous_8)","decl":{"start":{"line":112,"column":18},"end":{"line":112,"column":19}},"loc":{"start":{"line":112,"column":24},"end":{"line":120,"column":3}},"line":112}},"branchMap":{"0":{"loc":{"start":{"line":8,"column":31},"end":{"line":8,"column":43}},"type":"default-arg","locations":[{"start":{"line":8,"column":41},"end":{"line":8,"column":43}}],"line":8},"1":{"loc":{"start":{"line":8,"column":45},"end":{"line":8,"column":60}},"type":"default-arg","locations":[{"start":{"line":8,"column":58},"end":{"line":8,"column":60}}],"line":8},"2":{"loc":{"start":{"line":35,"column":12},"end":{"line":35,"column":27}},"type":"default-arg","locations":[{"start":{"line":35,"column":25},"end":{"line":35,"column":27}}],"line":35},"3":{"loc":{"start":{"line":36,"column":4},"end":{"line":43,"column":5}},"type":"if","locations":[{"start":{"line":36,"column":4},"end":{"line":43,"column":5}},{"start":{},"end":{}}],"line":36},"4":{"loc":{"start":{"line":45,"column":12},"end":{"line":45,"column":31}},"type":"default-arg","locations":[{"start":{"line":45,"column":22},"end":{"line":45,"column":31}}],"line":45},"5":{"loc":{"start":{"line":45,"column":33},"end":{"line":45,"column":42}},"type":"default-arg","locations":[{"start":{"line":45,"column":40},"end":{"line":45,"column":42}}],"line":45},"6":{"loc":{"start":{"line":65,"column":4},"end":{"line":73,"column":5}},"type":"if","locations":[{"start":{"line":65,"column":4},"end":{"line":73,"column":5}},{"start":{},"end":{}}],"line":65},"7":{"loc":{"start":{"line":75,"column":12},"end":{"line":75,"column":28}},"type":"default-arg","locations":[{"start":{"line":75,"column":25},"end":{"line":75,"column":28}}],"line":75},"8":{"loc":{"start":{"line":75,"column":30},"end":{"line":75,"column":53}},"type":"default-arg","locations":[{"start":{"line":75,"column":40},"end":{"line":75,"column":53}}],"line":75},"9":{"loc":{"start":{"line":75,"column":55},"end":{"line":75,"column":64}},"type":"default-arg","locations":[{"start":{"line":75,"column":62},"end":{"line":75,"column":64}}],"line":75},"10":{"loc":{"start":{"line":99,"column":22},"end":{"line":99,"column":34}},"type":"default-arg","locations":[{"start":{"line":99,"column":32},"end":{"line":99,"column":34}}],"line":99}},"s":{"0":1,"1":1,"2":1,"3":0,"4":0,"5":1,"6":1,"7":0,"8":1,"9":1,"10":1,"11":0,"12":1,"13":1,"14":1,"15":0,"16":1,"17":0,"18":0,"19":0,"20":0,"21":0,"22":1,"23":0,"24":0,"25":0,"26":1,"27":0,"28":0,"29":0,"30":1,"31":0,"32":1},"f":{"0":0,"1":1,"2":0,"3":1,"4":0,"5":0,"6":0,"7":0,"8":0},"b":{"0":[0],"1":[0],"2":[0],"3":[0,1],"4":[0],"5":[0],"6":[0,0],"7":[0],"8":[0],"9":[0],"10":[0]},"_coverageSchema":"1a1c01bbd47fc00a2c39e90264f33305004495a9","hash":"160fc24675310cdb06210aad990038e7e4d9fb7b"}
,"/mnt/WorkingDrive_1/projects/cutshortAssignmetn/social-media-todo-liste/src/router/index.js": {"path":"/mnt/WorkingDrive_1/projects/cutshortAssignmetn/social-media-todo-liste/src/router/index.js","statementMap":{"0":{"start":{"line":5,"column":12},"end":{"line":5,"column":38}},"1":{"start":{"line":7,"column":18},"end":{"line":7,"column":30}},"2":{"start":{"line":9,"column":0},"end":{"line":9,"column":36}}},"fnMap":{},"branchMap":{},"s":{"0":1,"1":1,"2":1},"f":{},"b":{},"_coverageSchema":"1a1c01bbd47fc00a2c39e90264f33305004495a9","hash":"6bc7389f5d3ea8c20455a53d14e0067617a90574"}
}
