{"/mnt/WorkingDrive_1/projects/cutshortAssignmetn/social-media-todo-liste/__tests__/__dummyData__/userDummyData.js": {"path":"/mnt/WorkingDrive_1/projects/cutshortAssignmetn/social-media-todo-liste/__tests__/__dummyData__/userDummyData.js","statementMap":{},"fnMap":{},"branchMap":{},"s":{},"f":{},"b":{},"_coverageSchema":"1a1c01bbd47fc00a2c39e90264f33305004495a9","hash":"abe61b24aa8981460c6b53bd80ee9bf3d08e8131"}
,"/mnt/WorkingDrive_1/projects/cutshortAssignmetn/social-media-todo-liste/src/app.js": {"path":"/mnt/WorkingDrive_1/projects/cutshortAssignmetn/social-media-todo-liste/src/app.js","statementMap":{"0":{"start":{"line":19,"column":12},"end":{"line":19,"column":21}},"1":{"start":{"line":20,"column":15},"end":{"line":20,"column":35}},"2":{"start":{"line":21,"column":69},"end":{"line":21,"column":78}},"3":{"start":{"line":23,"column":0},"end":{"line":27,"column":3}},"4":{"start":{"line":29,"column":0},"end":{"line":32,"column":1}},"5":{"start":{"line":30,"column":2},"end":{"line":30,"column":28}},"6":{"start":{"line":31,"column":2},"end":{"line":31,"column":38}},"7":{"start":{"line":33,"column":28},"end":{"line":53,"column":1}},"8":{"start":{"line":35,"column":2},"end":{"line":51,"column":3}},"9":{"start":{"line":36,"column":4},"end":{"line":42,"column":6}},"10":{"start":{"line":44,"column":4},"end":{"line":50,"column":6}},"11":{"start":{"line":52,"column":2},"end":{"line":52,"column":30}},"12":{"start":{"line":55,"column":0},"end":{"line":55,"column":19}},"13":{"start":{"line":56,"column":0},"end":{"line":56,"column":24}},"14":{"start":{"line":57,"column":0},"end":{"line":66,"column":2}},"15":{"start":{"line":67,"column":0},"end":{"line":67,"column":24}},"16":{"start":{"line":68,"column":0},"end":{"line":68,"column":48}},"17":{"start":{"line":69,"column":0},"end":{"line":69,"column":28}},"18":{"start":{"line":70,"column":0},"end":{"line":70,"column":23}},"19":{"start":{"line":71,"column":0},"end":{"line":71,"column":18}},"20":{"start":{"line":72,"column":0},"end":{"line":72,"column":32}},"21":{"start":{"line":73,"column":0},"end":{"line":73,"column":40}},"22":{"start":{"line":75,"column":0},"end":{"line":75,"column":22}},"23":{"start":{"line":76,"column":0},"end":{"line":76,"column":35}},"24":{"start":{"line":78,"column":0},"end":{"line":78,"column":29}},"25":{"start":{"line":84,"column":0},"end":{"line":84,"column":23}},"26":{"start":{"line":85,"column":0},"end":{"line":85,"column":26}},"27":{"start":{"line":86,"column":0},"end":{"line":86,"column":27}},"28":{"start":{"line":88,"column":0},"end":{"line":88,"column":28}},"29":{"start":{"line":89,"column":0},"end":{"line":89,"column":20}},"30":{"start":{"line":90,"column":0},"end":{"line":90,"column":18}}},"fnMap":{"0":{"name":"(anonymous_0)","decl":{"start":{"line":33,"column":28},"end":{"line":33,"column":29}},"loc":{"start":{"line":33,"column":52},"end":{"line":53,"column":1}},"line":33}},"branchMap":{"0":{"loc":{"start":{"line":29,"column":0},"end":{"line":32,"column":1}},"type":"if","locations":[{"start":{"line":29,"column":0},"end":{"line":32,"column":1}},{"start":{},"end":{}}],"line":29},"1":{"loc":{"start":{"line":35,"column":2},"end":{"line":51,"column":3}},"type":"if","locations":[{"start":{"line":35,"column":2},"end":{"line":51,"column":3}},{"start":{"line":43,"column":9},"end":{"line":51,"column":3}}],"line":35}},"s":{"0":2,"1":2,"2":2,"3":2,"4":2,"5":0,"6":0,"7":2,"8":31,"9":0,"10":31,"11":31,"12":2,"13":2,"14":2,"15":2,"16":2,"17":2,"18":2,"19":2,"20":2,"21":2,"22":2,"23":2,"24":2,"25":2,"26":2,"27":2,"28":2,"29":2,"30":2},"f":{"0":31},"b":{"0":[0,2],"1":[0,31]},"_coverageSchema":"1a1c01bbd47fc00a2c39e90264f33305004495a9","hash":"93b3c7ea8377490fe55d4d15f100289a773d15bd"}
,"/mnt/WorkingDrive_1/projects/cutshortAssignmetn/social-media-todo-liste/src/appConfig.js": {"path":"/mnt/WorkingDrive_1/projects/cutshortAssignmetn/social-media-todo-liste/src/appConfig.js","statementMap":{"0":{"start":{"line":4,"column":18},"end":{"line":4,"column":32}}},"fnMap":{},"branchMap":{"0":{"loc":{"start":{"line":7,"column":8},"end":{"line":7,"column":52}},"type":"binary-expr","locations":[{"start":{"line":7,"column":8},"end":{"line":7,"column":26}},{"start":{"line":7,"column":30},"end":{"line":7,"column":46}},{"start":{"line":7,"column":50},"end":{"line":7,"column":52}}],"line":7},"1":{"loc":{"start":{"line":8,"column":19},"end":{"line":8,"column":87}},"type":"binary-expr","locations":[{"start":{"line":8,"column":19},"end":{"line":8,"column":49}},{"start":{"line":8,"column":53},"end":{"line":8,"column":81}},{"start":{"line":8,"column":85},"end":{"line":8,"column":87}}],"line":8},"2":{"loc":{"start":{"line":9,"column":19},"end":{"line":9,"column":87}},"type":"binary-expr","locations":[{"start":{"line":9,"column":19},"end":{"line":9,"column":49}},{"start":{"line":9,"column":53},"end":{"line":9,"column":81}},{"start":{"line":9,"column":85},"end":{"line":9,"column":87}}],"line":9},"3":{"loc":{"start":{"line":12,"column":17},"end":{"line":12,"column":81}},"type":"binary-expr","locations":[{"start":{"line":12,"column":17},"end":{"line":12,"column":45}},{"start":{"line":12,"column":49},"end":{"line":12,"column":75}},{"start":{"line":12,"column":79},"end":{"line":12,"column":81}}],"line":12},"4":{"loc":{"start":{"line":13,"column":17},"end":{"line":13,"column":81}},"type":"binary-expr","locations":[{"start":{"line":13,"column":17},"end":{"line":13,"column":45}},{"start":{"line":13,"column":49},"end":{"line":13,"column":75}},{"start":{"line":13,"column":79},"end":{"line":13,"column":81}}],"line":13},"5":{"loc":{"start":{"line":14,"column":13},"end":{"line":14,"column":69}},"type":"binary-expr","locations":[{"start":{"line":14,"column":13},"end":{"line":14,"column":37}},{"start":{"line":14,"column":41},"end":{"line":14,"column":63}},{"start":{"line":14,"column":67},"end":{"line":14,"column":69}}],"line":14},"6":{"loc":{"start":{"line":15,"column":13},"end":{"line":15,"column":77}},"type":"binary-expr","locations":[{"start":{"line":15,"column":13},"end":{"line":15,"column":41}},{"start":{"line":15,"column":45},"end":{"line":15,"column":71}},{"start":{"line":15,"column":75},"end":{"line":15,"column":77}}],"line":15},"7":{"loc":{"start":{"line":16,"column":15},"end":{"line":16,"column":70}},"type":"binary-expr","locations":[{"start":{"line":16,"column":15},"end":{"line":16,"column":40}},{"start":{"line":16,"column":44},"end":{"line":16,"column":64}},{"start":{"line":16,"column":68},"end":{"line":16,"column":70}}],"line":16},"8":{"loc":{"start":{"line":17,"column":12},"end":{"line":17,"column":66}},"type":"binary-expr","locations":[{"start":{"line":17,"column":12},"end":{"line":17,"column":35}},{"start":{"line":17,"column":39},"end":{"line":17,"column":60}},{"start":{"line":17,"column":64},"end":{"line":17,"column":66}}],"line":17}},"s":{"0":3},"f":{},"b":{"0":[3,0,0],"1":[3,0,0],"2":[3,0,0],"3":[3,0,0],"4":[3,0,0],"5":[3,0,0],"6":[3,0,0],"7":[3,0,0],"8":[3,0,0]},"_coverageSchema":"1a1c01bbd47fc00a2c39e90264f33305004495a9","hash":"32ba6c0654e7a0fd709c8970c11da204f112cf99"}
,"/mnt/WorkingDrive_1/projects/cutshortAssignmetn/social-media-todo-liste/src/controllers/commentCtrl.js": {"path":"/mnt/WorkingDrive_1/projects/cutshortAssignmetn/social-media-todo-liste/src/controllers/commentCtrl.js","statementMap":{"0":{"start":{"line":6,"column":29},"end":{"line":30,"column":1}},"1":{"start":{"line":7,"column":2},"end":{"line":29,"column":3}},"2":{"start":{"line":8,"column":23},"end":{"line":8,"column":33}},"3":{"start":{"line":9,"column":20},"end":{"line":9,"column":28}},"4":{"start":{"line":10,"column":35},"end":{"line":10,"column":43}},"5":{"start":{"line":11,"column":4},"end":{"line":13,"column":5}},"6":{"start":{"line":12,"column":6},"end":{"line":12,"column":80}},"7":{"start":{"line":14,"column":17},"end":{"line":14,"column":44}},"8":{"start":{"line":15,"column":17},"end":{"line":15,"column":41}},"9":{"start":{"line":16,"column":20},"end":{"line":21,"column":6}},"10":{"start":{"line":22,"column":4},"end":{"line":22,"column":38}},"11":{"start":{"line":23,"column":4},"end":{"line":23,"column":35}},"12":{"start":{"line":24,"column":4},"end":{"line":24,"column":22}},"13":{"start":{"line":25,"column":4},"end":{"line":25,"column":22}},"14":{"start":{"line":26,"column":4},"end":{"line":26,"column":65}},"15":{"start":{"line":28,"column":4},"end":{"line":28,"column":14}},"16":{"start":{"line":32,"column":30},"end":{"line":39,"column":1}},"17":{"start":{"line":33,"column":2},"end":{"line":38,"column":3}},"18":{"start":{"line":34,"column":21},"end":{"line":34,"column":66}},"19":{"start":{"line":35,"column":4},"end":{"line":35,"column":67}},"20":{"start":{"line":37,"column":4},"end":{"line":37,"column":14}}},"fnMap":{"0":{"name":"(anonymous_0)","decl":{"start":{"line":6,"column":29},"end":{"line":6,"column":30}},"loc":{"start":{"line":6,"column":55},"end":{"line":30,"column":1}},"line":6},"1":{"name":"(anonymous_1)","decl":{"start":{"line":32,"column":30},"end":{"line":32,"column":31}},"loc":{"start":{"line":32,"column":56},"end":{"line":39,"column":1}},"line":32}},"branchMap":{"0":{"loc":{"start":{"line":11,"column":4},"end":{"line":13,"column":5}},"type":"if","locations":[{"start":{"line":11,"column":4},"end":{"line":13,"column":5}},{"start":{},"end":{}}],"line":11}},"s":{"0":2,"1":2,"2":2,"3":2,"4":2,"5":2,"6":1,"7":1,"8":1,"9":1,"10":1,"11":1,"12":1,"13":1,"14":1,"15":0,"16":2,"17":1,"18":1,"19":1,"20":0},"f":{"0":2,"1":1},"b":{"0":[1,1]},"_coverageSchema":"1a1c01bbd47fc00a2c39e90264f33305004495a9","hash":"85640612b355b30e03484db8e0e30143b5056ac3"}
,"/mnt/WorkingDrive_1/projects/cutshortAssignmetn/social-media-todo-liste/src/controllers/postCtrl.js": {"path":"/mnt/WorkingDrive_1/projects/cutshortAssignmetn/social-media-todo-liste/src/controllers/postCtrl.js","statementMap":{"0":{"start":{"line":5,"column":15},"end":{"line":5,"column":40}},"1":{"start":{"line":7,"column":27},"end":{"line":16,"column":1}},"2":{"start":{"line":8,"column":2},"end":{"line":15,"column":3}},"3":{"start":{"line":9,"column":20},"end":{"line":9,"column":28}},"4":{"start":{"line":10,"column":18},"end":{"line":10,"column":50}},"5":{"start":{"line":11,"column":4},"end":{"line":11,"column":55}},"6":{"start":{"line":13,"column":4},"end":{"line":13,"column":24}},"7":{"start":{"line":14,"column":4},"end":{"line":14,"column":14}},"8":{"start":{"line":18,"column":26},"end":{"line":50,"column":1}},"9":{"start":{"line":19,"column":2},"end":{"line":49,"column":3}},"10":{"start":{"line":20,"column":20},"end":{"line":20,"column":28}},"11":{"start":{"line":21,"column":23},"end":{"line":21,"column":33}},"12":{"start":{"line":22,"column":32},"end":{"line":22,"column":40}},"13":{"start":{"line":23,"column":4},"end":{"line":36,"column":5}},"14":{"start":{"line":24,"column":6},"end":{"line":34,"column":7}},"15":{"start":{"line":25,"column":24},"end":{"line":29,"column":10}},"16":{"start":{"line":30,"column":21},"end":{"line":30,"column":45}},"17":{"start":{"line":31,"column":8},"end":{"line":31,"column":37}},"18":{"start":{"line":32,"column":8},"end":{"line":32,"column":26}},"19":{"start":{"line":33,"column":8},"end":{"line":33,"column":66}},"20":{"start":{"line":35,"column":6},"end":{"line":35,"column":74}},"21":{"start":{"line":38,"column":4},"end":{"line":44,"column":5}},"22":{"start":{"line":39,"column":23},"end":{"line":39,"column":59}},"23":{"start":{"line":40,"column":6},"end":{"line":40,"column":29}},"24":{"start":{"line":41,"column":6},"end":{"line":41,"column":35}},"25":{"start":{"line":42,"column":6},"end":{"line":42,"column":28}},"26":{"start":{"line":43,"column":6},"end":{"line":43,"column":64}},"27":{"start":{"line":45,"column":4},"end":{"line":45,"column":61}},"28":{"start":{"line":47,"column":4},"end":{"line":47,"column":24}},"29":{"start":{"line":48,"column":4},"end":{"line":48,"column":14}}},"fnMap":{"0":{"name":"(anonymous_0)","decl":{"start":{"line":7,"column":27},"end":{"line":7,"column":28}},"loc":{"start":{"line":7,"column":53},"end":{"line":16,"column":1}},"line":7},"1":{"name":"(anonymous_1)","decl":{"start":{"line":18,"column":26},"end":{"line":18,"column":27}},"loc":{"start":{"line":18,"column":52},"end":{"line":50,"column":1}},"line":18}},"branchMap":{"0":{"loc":{"start":{"line":23,"column":4},"end":{"line":36,"column":5}},"type":"if","locations":[{"start":{"line":23,"column":4},"end":{"line":36,"column":5}},{"start":{},"end":{}}],"line":23},"1":{"loc":{"start":{"line":24,"column":6},"end":{"line":34,"column":7}},"type":"if","locations":[{"start":{"line":24,"column":6},"end":{"line":34,"column":7}},{"start":{},"end":{}}],"line":24},"2":{"loc":{"start":{"line":38,"column":4},"end":{"line":44,"column":5}},"type":"if","locations":[{"start":{"line":38,"column":4},"end":{"line":44,"column":5}},{"start":{},"end":{}}],"line":38}},"s":{"0":2,"1":2,"2":1,"3":1,"4":1,"5":1,"6":0,"7":0,"8":2,"9":3,"10":3,"11":3,"12":3,"13":3,"14":1,"15":1,"16":1,"17":1,"18":1,"19":1,"20":0,"21":2,"22":1,"23":1,"24":1,"25":1,"26":1,"27":1,"28":0,"29":0},"f":{"0":1,"1":3},"b":{"0":[1,2],"1":[1,0],"2":[1,1]},"_coverageSchema":"1a1c01bbd47fc00a2c39e90264f33305004495a9","hash":"34201014dad97ba0a8fc1d89068f7cf2827a35fd"}
,"/mnt/WorkingDrive_1/projects/cutshortAssignmetn/social-media-todo-liste/src/controllers/todoCtrl.js": {"path":"/mnt/WorkingDrive_1/projects/cutshortAssignmetn/social-media-todo-liste/src/controllers/todoCtrl.js","statementMap":{"0":{"start":{"line":5,"column":15},"end":{"line":5,"column":40}},"1":{"start":{"line":7,"column":27},"end":{"line":16,"column":1}},"2":{"start":{"line":8,"column":2},"end":{"line":15,"column":3}},"3":{"start":{"line":9,"column":20},"end":{"line":9,"column":28}},"4":{"start":{"line":10,"column":18},"end":{"line":10,"column":50}},"5":{"start":{"line":11,"column":4},"end":{"line":11,"column":55}},"6":{"start":{"line":13,"column":4},"end":{"line":13,"column":24}},"7":{"start":{"line":14,"column":4},"end":{"line":14,"column":14}},"8":{"start":{"line":18,"column":26},"end":{"line":37,"column":1}},"9":{"start":{"line":19,"column":2},"end":{"line":36,"column":3}},"10":{"start":{"line":20,"column":35},"end":{"line":20,"column":43}},"11":{"start":{"line":21,"column":20},"end":{"line":21,"column":28}},"12":{"start":{"line":22,"column":17},"end":{"line":26,"column":6}},"13":{"start":{"line":28,"column":17},"end":{"line":28,"column":41}},"14":{"start":{"line":29,"column":4},"end":{"line":29,"column":33}},"15":{"start":{"line":30,"column":4},"end":{"line":30,"column":22}},"16":{"start":{"line":32,"column":4},"end":{"line":32,"column":54}},"17":{"start":{"line":34,"column":4},"end":{"line":34,"column":24}},"18":{"start":{"line":35,"column":4},"end":{"line":35,"column":14}},"19":{"start":{"line":39,"column":24},"end":{"line":56,"column":1}},"20":{"start":{"line":40,"column":2},"end":{"line":55,"column":3}},"21":{"start":{"line":41,"column":19},"end":{"line":41,"column":29}},"22":{"start":{"line":42,"column":48},"end":{"line":42,"column":56}},"23":{"start":{"line":43,"column":4},"end":{"line":50,"column":5}},"24":{"start":{"line":44,"column":25},"end":{"line":44,"column":48}},"25":{"start":{"line":45,"column":6},"end":{"line":45,"column":31}},"26":{"start":{"line":46,"column":6},"end":{"line":46,"column":43}},"27":{"start":{"line":47,"column":6},"end":{"line":47,"column":43}},"28":{"start":{"line":48,"column":6},"end":{"line":48,"column":30}},"29":{"start":{"line":49,"column":6},"end":{"line":49,"column":71}},"30":{"start":{"line":51,"column":4},"end":{"line":51,"column":62}},"31":{"start":{"line":53,"column":4},"end":{"line":53,"column":24}},"32":{"start":{"line":54,"column":4},"end":{"line":54,"column":14}},"33":{"start":{"line":58,"column":28},"end":{"line":72,"column":1}},"34":{"start":{"line":59,"column":2},"end":{"line":71,"column":3}},"35":{"start":{"line":60,"column":19},"end":{"line":60,"column":29}},"36":{"start":{"line":61,"column":4},"end":{"line":66,"column":5}},"37":{"start":{"line":62,"column":23},"end":{"line":62,"column":46}},"38":{"start":{"line":63,"column":6},"end":{"line":63,"column":34}},"39":{"start":{"line":64,"column":6},"end":{"line":64,"column":28}},"40":{"start":{"line":65,"column":6},"end":{"line":65,"column":69}},"41":{"start":{"line":67,"column":4},"end":{"line":67,"column":62}},"42":{"start":{"line":69,"column":4},"end":{"line":69,"column":24}},"43":{"start":{"line":70,"column":4},"end":{"line":70,"column":14}},"44":{"start":{"line":74,"column":26},"end":{"line":90,"column":1}},"45":{"start":{"line":75,"column":2},"end":{"line":89,"column":3}},"46":{"start":{"line":76,"column":19},"end":{"line":76,"column":29}},"47":{"start":{"line":77,"column":20},"end":{"line":77,"column":28}},"48":{"start":{"line":78,"column":4},"end":{"line":84,"column":5}},"49":{"start":{"line":79,"column":25},"end":{"line":79,"column":66}},"50":{"start":{"line":80,"column":19},"end":{"line":80,"column":43}},"51":{"start":{"line":81,"column":6},"end":{"line":81,"column":99}},"52":{"start":{"line":81,"column":45},"end":{"line":81,"column":97}},"53":{"start":{"line":82,"column":6},"end":{"line":82,"column":24}},"54":{"start":{"line":83,"column":6},"end":{"line":83,"column":71}},"55":{"start":{"line":85,"column":4},"end":{"line":85,"column":62}},"56":{"start":{"line":87,"column":4},"end":{"line":87,"column":24}},"57":{"start":{"line":88,"column":4},"end":{"line":88,"column":14}}},"fnMap":{"0":{"name":"(anonymous_0)","decl":{"start":{"line":7,"column":27},"end":{"line":7,"column":28}},"loc":{"start":{"line":7,"column":53},"end":{"line":16,"column":1}},"line":7},"1":{"name":"(anonymous_1)","decl":{"start":{"line":18,"column":26},"end":{"line":18,"column":27}},"loc":{"start":{"line":18,"column":52},"end":{"line":37,"column":1}},"line":18},"2":{"name":"(anonymous_2)","decl":{"start":{"line":39,"column":24},"end":{"line":39,"column":25}},"loc":{"start":{"line":39,"column":50},"end":{"line":56,"column":1}},"line":39},"3":{"name":"(anonymous_3)","decl":{"start":{"line":58,"column":28},"end":{"line":58,"column":29}},"loc":{"start":{"line":58,"column":54},"end":{"line":72,"column":1}},"line":58},"4":{"name":"(anonymous_4)","decl":{"start":{"line":74,"column":26},"end":{"line":74,"column":27}},"loc":{"start":{"line":74,"column":52},"end":{"line":90,"column":1}},"line":74},"5":{"name":"(anonymous_5)","decl":{"start":{"line":81,"column":37},"end":{"line":81,"column":38}},"loc":{"start":{"line":81,"column":45},"end":{"line":81,"column":97}},"line":81}},"branchMap":{"0":{"loc":{"start":{"line":43,"column":4},"end":{"line":50,"column":5}},"type":"if","locations":[{"start":{"line":43,"column":4},"end":{"line":50,"column":5}},{"start":{},"end":{}}],"line":43},"1":{"loc":{"start":{"line":61,"column":4},"end":{"line":66,"column":5}},"type":"if","locations":[{"start":{"line":61,"column":4},"end":{"line":66,"column":5}},{"start":{},"end":{}}],"line":61},"2":{"loc":{"start":{"line":78,"column":4},"end":{"line":84,"column":5}},"type":"if","locations":[{"start":{"line":78,"column":4},"end":{"line":84,"column":5}},{"start":{},"end":{}}],"line":78}},"s":{"0":2,"1":2,"2":1,"3":1,"4":1,"5":1,"6":0,"7":0,"8":2,"9":1,"10":1,"11":1,"12":1,"13":1,"14":1,"15":1,"16":1,"17":0,"18":0,"19":2,"20":2,"21":2,"22":2,"23":2,"24":1,"25":1,"26":1,"27":1,"28":1,"29":1,"30":1,"31":0,"32":0,"33":2,"34":2,"35":2,"36":2,"37":1,"38":1,"39":1,"40":1,"41":1,"42":0,"43":0,"44":2,"45":2,"46":2,"47":2,"48":2,"49":1,"50":1,"51":1,"52":1,"53":1,"54":1,"55":1,"56":0,"57":0},"f":{"0":1,"1":1,"2":2,"3":2,"4":2,"5":1},"b":{"0":[1,1],"1":[1,1],"2":[1,1]},"_coverageSchema":"1a1c01bbd47fc00a2c39e90264f33305004495a9","hash":"5fd369034c58c5a3433d6698e38701a106177405"}
,"/mnt/WorkingDrive_1/projects/cutshortAssignmetn/social-media-todo-liste/src/controllers/userCtrl.js": {"path":"/mnt/WorkingDrive_1/projects/cutshortAssignmetn/social-media-todo-liste/src/controllers/userCtrl.js","statementMap":{"0":{"start":{"line":6,"column":15},"end":{"line":6,"column":39}},"1":{"start":{"line":8,"column":28},"end":{"line":25,"column":1}},"2":{"start":{"line":9,"column":2},"end":{"line":24,"column":3}},"3":{"start":{"line":10,"column":42},"end":{"line":10,"column":50}},"4":{"start":{"line":11,"column":21},"end":{"line":11,"column":44}},"5":{"start":{"line":12,"column":19},"end":{"line":12,"column":51}},"6":{"start":{"line":13,"column":4},"end":{"line":19,"column":5}},"7":{"start":{"line":14,"column":19},"end":{"line":14,"column":77}},"8":{"start":{"line":15,"column":6},"end":{"line":15,"column":32}},"9":{"start":{"line":16,"column":6},"end":{"line":16,"column":33}},"10":{"start":{"line":17,"column":20},"end":{"line":17,"column":53}},"11":{"start":{"line":18,"column":6},"end":{"line":18,"column":67}},"12":{"start":{"line":20,"column":4},"end":{"line":20,"column":57}},"13":{"start":{"line":22,"column":4},"end":{"line":22,"column":24}},"14":{"start":{"line":23,"column":4},"end":{"line":23,"column":14}},"15":{"start":{"line":27,"column":25},"end":{"line":52,"column":1}},"16":{"start":{"line":28,"column":2},"end":{"line":51,"column":3}},"17":{"start":{"line":29,"column":35},"end":{"line":29,"column":43}},"18":{"start":{"line":30,"column":19},"end":{"line":30,"column":51}},"19":{"start":{"line":31,"column":4},"end":{"line":33,"column":5}},"20":{"start":{"line":32,"column":6},"end":{"line":32,"column":69}},"21":{"start":{"line":34,"column":23},"end":{"line":34,"column":71}},"22":{"start":{"line":35,"column":4},"end":{"line":37,"column":5}},"23":{"start":{"line":36,"column":6},"end":{"line":36,"column":58}},"24":{"start":{"line":38,"column":4},"end":{"line":42,"column":6}},"25":{"start":{"line":43,"column":18},"end":{"line":43,"column":53}},"26":{"start":{"line":44,"column":4},"end":{"line":44,"column":32}},"27":{"start":{"line":45,"column":4},"end":{"line":45,"column":33}},"28":{"start":{"line":46,"column":4},"end":{"line":46,"column":33}},"29":{"start":{"line":47,"column":4},"end":{"line":47,"column":83}},"30":{"start":{"line":49,"column":4},"end":{"line":49,"column":24}},"31":{"start":{"line":50,"column":4},"end":{"line":50,"column":14}},"32":{"start":{"line":54,"column":26},"end":{"line":62,"column":1}},"33":{"start":{"line":55,"column":2},"end":{"line":61,"column":3}},"34":{"start":{"line":56,"column":4},"end":{"line":56,"column":26}},"35":{"start":{"line":57,"column":4},"end":{"line":57,"column":40}},"36":{"start":{"line":59,"column":4},"end":{"line":59,"column":24}},"37":{"start":{"line":60,"column":4},"end":{"line":60,"column":14}},"38":{"start":{"line":65,"column":27},"end":{"line":71,"column":1}},"39":{"start":{"line":66,"column":2},"end":{"line":70,"column":3}},"40":{"start":{"line":67,"column":4},"end":{"line":67,"column":35}},"41":{"start":{"line":69,"column":4},"end":{"line":69,"column":24}},"42":{"start":{"line":73,"column":27},"end":{"line":81,"column":1}},"43":{"start":{"line":74,"column":2},"end":{"line":80,"column":3}},"44":{"start":{"line":75,"column":18},"end":{"line":75,"column":46}},"45":{"start":{"line":76,"column":4},"end":{"line":76,"column":61}},"46":{"start":{"line":78,"column":4},"end":{"line":78,"column":24}},"47":{"start":{"line":79,"column":4},"end":{"line":79,"column":14}},"48":{"start":{"line":83,"column":27},"end":{"line":96,"column":1}},"49":{"start":{"line":84,"column":2},"end":{"line":95,"column":3}},"50":{"start":{"line":85,"column":23},"end":{"line":85,"column":33}},"51":{"start":{"line":86,"column":4},"end":{"line":88,"column":5}},"52":{"start":{"line":87,"column":6},"end":{"line":87,"column":63}},"53":{"start":{"line":89,"column":17},"end":{"line":89,"column":44}},"54":{"start":{"line":91,"column":4},"end":{"line":91,"column":54}},"55":{"start":{"line":93,"column":4},"end":{"line":93,"column":16}},"56":{"start":{"line":94,"column":4},"end":{"line":94,"column":14}}},"fnMap":{"0":{"name":"(anonymous_0)","decl":{"start":{"line":8,"column":28},"end":{"line":8,"column":29}},"loc":{"start":{"line":8,"column":54},"end":{"line":25,"column":1}},"line":8},"1":{"name":"(anonymous_1)","decl":{"start":{"line":27,"column":25},"end":{"line":27,"column":26}},"loc":{"start":{"line":27,"column":51},"end":{"line":52,"column":1}},"line":27},"2":{"name":"(anonymous_2)","decl":{"start":{"line":54,"column":26},"end":{"line":54,"column":27}},"loc":{"start":{"line":54,"column":52},"end":{"line":62,"column":1}},"line":54},"3":{"name":"(anonymous_3)","decl":{"start":{"line":65,"column":27},"end":{"line":65,"column":28}},"loc":{"start":{"line":65,"column":41},"end":{"line":71,"column":1}},"line":65},"4":{"name":"(anonymous_4)","decl":{"start":{"line":73,"column":27},"end":{"line":73,"column":28}},"loc":{"start":{"line":73,"column":53},"end":{"line":81,"column":1}},"line":73},"5":{"name":"(anonymous_5)","decl":{"start":{"line":83,"column":27},"end":{"line":83,"column":28}},"loc":{"start":{"line":83,"column":53},"end":{"line":96,"column":1}},"line":83}},"branchMap":{"0":{"loc":{"start":{"line":13,"column":4},"end":{"line":19,"column":5}},"type":"if","locations":[{"start":{"line":13,"column":4},"end":{"line":19,"column":5}},{"start":{},"end":{}}],"line":13},"1":{"loc":{"start":{"line":31,"column":4},"end":{"line":33,"column":5}},"type":"if","locations":[{"start":{"line":31,"column":4},"end":{"line":33,"column":5}},{"start":{},"end":{}}],"line":31},"2":{"loc":{"start":{"line":35,"column":4},"end":{"line":37,"column":5}},"type":"if","locations":[{"start":{"line":35,"column":4},"end":{"line":37,"column":5}},{"start":{},"end":{}}],"line":35},"3":{"loc":{"start":{"line":86,"column":4},"end":{"line":88,"column":5}},"type":"if","locations":[{"start":{"line":86,"column":4},"end":{"line":88,"column":5}},{"start":{},"end":{}}],"line":86}},"s":{"0":2,"1":2,"2":2,"3":2,"4":2,"5":2,"6":2,"7":1,"8":1,"9":1,"10":1,"11":1,"12":1,"13":0,"14":0,"15":2,"16":3,"17":3,"18":3,"19":3,"20":1,"21":2,"22":2,"23":1,"24":1,"25":1,"26":1,"27":1,"28":1,"29":1,"30":0,"31":0,"32":2,"33":0,"34":0,"35":0,"36":0,"37":0,"38":2,"39":16,"40":16,"41":0,"42":2,"43":1,"44":1,"45":1,"46":0,"47":0,"48":2,"49":0,"50":0,"51":0,"52":0,"53":0,"54":0,"55":0,"56":0},"f":{"0":2,"1":3,"2":0,"3":16,"4":1,"5":0},"b":{"0":[1,1],"1":[1,2],"2":[1,1],"3":[0,0]},"_coverageSchema":"1a1c01bbd47fc00a2c39e90264f33305004495a9","hash":"1e1e7d075126e0d23cba6ee10ec938cb1f310882"}
,"/mnt/WorkingDrive_1/projects/cutshortAssignmetn/social-media-todo-liste/src/helper/dbConnectionHelper.js": {"path":"/mnt/WorkingDrive_1/projects/cutshortAssignmetn/social-media-todo-liste/src/helper/dbConnectionHelper.js","statementMap":{"0":{"start":{"line":6,"column":12},"end":{"line":6,"column":40}},"1":{"start":{"line":7,"column":32},"end":{"line":7,"column":40}},"2":{"start":{"line":8,"column":21},"end":{"line":8,"column":30}},"3":{"start":{"line":10,"column":17},"end":{"line":16,"column":1}},"4":{"start":{"line":18,"column":21},"end":{"line":25,"column":1}},"5":{"start":{"line":19,"column":2},"end":{"line":24,"column":3}},"6":{"start":{"line":20,"column":4},"end":{"line":20,"column":50}},"7":{"start":{"line":21,"column":4},"end":{"line":21,"column":45}},"8":{"start":{"line":23,"column":4},"end":{"line":23,"column":21}},"9":{"start":{"line":29,"column":21},"end":{"line":31,"column":1}},"10":{"start":{"line":30,"column":2},"end":{"line":30,"column":36}},"11":{"start":{"line":33,"column":28},"end":{"line":36,"column":1}},"12":{"start":{"line":34,"column":2},"end":{"line":34,"column":34}},"13":{"start":{"line":35,"column":2},"end":{"line":35,"column":27}},"14":{"start":{"line":38,"column":31},"end":{"line":45,"column":1}},"15":{"start":{"line":39,"column":22},"end":{"line":39,"column":44}},"16":{"start":{"line":41,"column":2},"end":{"line":44,"column":3}},"17":{"start":{"line":42,"column":23},"end":{"line":42,"column":45}},"18":{"start":{"line":43,"column":4},"end":{"line":43,"column":34}}},"fnMap":{"0":{"name":"(anonymous_0)","decl":{"start":{"line":18,"column":21},"end":{"line":18,"column":22}},"loc":{"start":{"line":18,"column":33},"end":{"line":25,"column":1}},"line":18},"1":{"name":"(anonymous_1)","decl":{"start":{"line":29,"column":21},"end":{"line":29,"column":22}},"loc":{"start":{"line":29,"column":33},"end":{"line":31,"column":1}},"line":29},"2":{"name":"(anonymous_2)","decl":{"start":{"line":33,"column":28},"end":{"line":33,"column":29}},"loc":{"start":{"line":33,"column":40},"end":{"line":36,"column":1}},"line":33},"3":{"name":"(anonymous_3)","decl":{"start":{"line":38,"column":31},"end":{"line":38,"column":32}},"loc":{"start":{"line":38,"column":43},"end":{"line":45,"column":1}},"line":38}},"branchMap":{},"s":{"0":1,"1":1,"2":1,"3":1,"4":1,"5":0,"6":0,"7":0,"8":0,"9":1,"10":1,"11":1,"12":1,"13":1,"14":1,"15":1,"16":1,"17":4,"18":4},"f":{"0":0,"1":1,"2":1,"3":1},"b":{},"_coverageSchema":"1a1c01bbd47fc00a2c39e90264f33305004495a9","hash":"42f275e4fa4e03873cee90e00fe0a95f21667ba3"}
,"/mnt/WorkingDrive_1/projects/cutshortAssignmetn/social-media-todo-liste/src/helper/encryptionHelper.js": {"path":"/mnt/WorkingDrive_1/projects/cutshortAssignmetn/social-media-todo-liste/src/helper/encryptionHelper.js","statementMap":{"0":{"start":{"line":5,"column":48},"end":{"line":5,"column":57}},"1":{"start":{"line":7,"column":36},"end":{"line":12,"column":1}},"2":{"start":{"line":8,"column":2},"end":{"line":11,"column":25}},"3":{"start":{"line":14,"column":26},"end":{"line":18,"column":1}},"4":{"start":{"line":15,"column":15},"end":{"line":15,"column":49}},"5":{"start":{"line":16,"column":2},"end":{"line":16,"column":22}},"6":{"start":{"line":17,"column":2},"end":{"line":17,"column":28}},"7":{"start":{"line":20,"column":23},"end":{"line":26,"column":1}},"8":{"start":{"line":21,"column":13},"end":{"line":21,"column":35}},"9":{"start":{"line":22,"column":17},"end":{"line":22,"column":81}},"10":{"start":{"line":23,"column":18},"end":{"line":23,"column":38}},"11":{"start":{"line":24,"column":2},"end":{"line":24,"column":57}},"12":{"start":{"line":25,"column":2},"end":{"line":25,"column":62}},"13":{"start":{"line":28,"column":23},"end":{"line":36,"column":1}},"14":{"start":{"line":29,"column":20},"end":{"line":29,"column":36}},"15":{"start":{"line":30,"column":13},"end":{"line":30,"column":50}},"16":{"start":{"line":31,"column":24},"end":{"line":31,"column":63}},"17":{"start":{"line":32,"column":19},"end":{"line":32,"column":85}},"18":{"start":{"line":33,"column":18},"end":{"line":33,"column":48}},"19":{"start":{"line":34,"column":2},"end":{"line":34,"column":59}},"20":{"start":{"line":35,"column":2},"end":{"line":35,"column":30}},"21":{"start":{"line":38,"column":31},"end":{"line":40,"column":1}},"22":{"start":{"line":39,"column":2},"end":{"line":39,"column":61}},"23":{"start":{"line":42,"column":33},"end":{"line":44,"column":1}},"24":{"start":{"line":43,"column":2},"end":{"line":43,"column":76}},"25":{"start":{"line":46,"column":27},"end":{"line":48,"column":1}},"26":{"start":{"line":47,"column":2},"end":{"line":47,"column":45}}},"fnMap":{"0":{"name":"(anonymous_0)","decl":{"start":{"line":7,"column":36},"end":{"line":7,"column":37}},"loc":{"start":{"line":7,"column":49},"end":{"line":12,"column":1}},"line":7},"1":{"name":"(anonymous_1)","decl":{"start":{"line":14,"column":26},"end":{"line":14,"column":27}},"loc":{"start":{"line":14,"column":45},"end":{"line":18,"column":1}},"line":14},"2":{"name":"(anonymous_2)","decl":{"start":{"line":20,"column":23},"end":{"line":20,"column":24}},"loc":{"start":{"line":20,"column":40},"end":{"line":26,"column":1}},"line":20},"3":{"name":"(anonymous_3)","decl":{"start":{"line":28,"column":23},"end":{"line":28,"column":24}},"loc":{"start":{"line":28,"column":40},"end":{"line":36,"column":1}},"line":28},"4":{"name":"(anonymous_4)","decl":{"start":{"line":38,"column":31},"end":{"line":38,"column":32}},"loc":{"start":{"line":38,"column":59},"end":{"line":40,"column":1}},"line":38},"5":{"name":"(anonymous_5)","decl":{"start":{"line":42,"column":33},"end":{"line":42,"column":34}},"loc":{"start":{"line":42,"column":48},"end":{"line":44,"column":1}},"line":42},"6":{"name":"(anonymous_6)","decl":{"start":{"line":46,"column":27},"end":{"line":46,"column":28}},"loc":{"start":{"line":46,"column":45},"end":{"line":48,"column":1}},"line":46}},"branchMap":{"0":{"loc":{"start":{"line":39,"column":9},"end":{"line":39,"column":60}},"type":"cond-expr","locations":[{"start":{"line":39,"column":48},"end":{"line":39,"column":52}},{"start":{"line":39,"column":55},"end":{"line":39,"column":60}}],"line":39}},"s":{"0":3,"1":3,"2":4,"3":3,"4":0,"5":0,"6":0,"7":3,"8":3,"9":3,"10":3,"11":3,"12":3,"13":3,"14":3,"15":3,"16":3,"17":3,"18":3,"19":3,"20":3,"21":3,"22":2,"23":3,"24":2,"25":3,"26":16},"f":{"0":4,"1":0,"2":3,"3":3,"4":2,"5":2,"6":16},"b":{"0":[1,1]},"_coverageSchema":"1a1c01bbd47fc00a2c39e90264f33305004495a9","hash":"800dbb1ede46973f814a6dac25473ea38506dff7"}
,"/mnt/WorkingDrive_1/projects/cutshortAssignmetn/social-media-todo-liste/src/helper/extraHelper.js": {"path":"/mnt/WorkingDrive_1/projects/cutshortAssignmetn/social-media-todo-liste/src/helper/extraHelper.js","statementMap":{"0":{"start":{"line":3,"column":15},"end":{"line":3,"column":43}},"1":{"start":{"line":5,"column":24},"end":{"line":15,"column":1}},"2":{"start":{"line":6,"column":2},"end":{"line":14,"column":3}},"3":{"start":{"line":7,"column":21},"end":{"line":9,"column":5}},"4":{"start":{"line":10,"column":4},"end":{"line":10,"column":58}},"5":{"start":{"line":12,"column":4},"end":{"line":12,"column":24}},"6":{"start":{"line":13,"column":4},"end":{"line":13,"column":14}},"7":{"start":{"line":17,"column":23},"end":{"line":27,"column":1}},"8":{"start":{"line":18,"column":2},"end":{"line":26,"column":3}},"9":{"start":{"line":19,"column":21},"end":{"line":21,"column":5}},"10":{"start":{"line":22,"column":4},"end":{"line":22,"column":58}},"11":{"start":{"line":24,"column":4},"end":{"line":24,"column":24}},"12":{"start":{"line":25,"column":4},"end":{"line":25,"column":14}}},"fnMap":{"0":{"name":"(anonymous_0)","decl":{"start":{"line":5,"column":24},"end":{"line":5,"column":25}},"loc":{"start":{"line":5,"column":50},"end":{"line":15,"column":1}},"line":5},"1":{"name":"(anonymous_1)","decl":{"start":{"line":17,"column":23},"end":{"line":17,"column":24}},"loc":{"start":{"line":17,"column":49},"end":{"line":27,"column":1}},"line":17}},"branchMap":{},"s":{"0":2,"1":2,"2":1,"3":1,"4":1,"5":0,"6":0,"7":2,"8":1,"9":1,"10":1,"11":0,"12":0},"f":{"0":1,"1":1},"b":{},"_coverageSchema":"1a1c01bbd47fc00a2c39e90264f33305004495a9","hash":"0a275d7eeeb000f06651b15fa457c9b0a3f7bed7"}
,"/mnt/WorkingDrive_1/projects/cutshortAssignmetn/social-media-todo-liste/src/helper/sessionHelper.js": {"path":"/mnt/WorkingDrive_1/projects/cutshortAssignmetn/social-media-todo-liste/src/helper/sessionHelper.js","statementMap":{"0":{"start":{"line":6,"column":26},"end":{"line":6,"column":35}},"1":{"start":{"line":8,"column":15},"end":{"line":8,"column":34}},"2":{"start":{"line":9,"column":16},"end":{"line":9,"column":40}},"3":{"start":{"line":11,"column":29},"end":{"line":17,"column":1}},"4":{"start":{"line":19,"column":28},"end":{"line":24,"column":1}},"5":{"start":{"line":20,"column":2},"end":{"line":22,"column":3}},"6":{"start":{"line":21,"column":4},"end":{"line":21,"column":41}},"7":{"start":{"line":23,"column":2},"end":{"line":23,"column":9}},"8":{"start":{"line":26,"column":28},"end":{"line":38,"column":1}},"9":{"start":{"line":27,"column":31},"end":{"line":27,"column":34}},"10":{"start":{"line":30,"column":2},"end":{"line":34,"column":14}},"11":{"start":{"line":35,"column":2},"end":{"line":37,"column":64}},"12":{"start":{"line":36,"column":4},"end":{"line":36,"column":11}},"13":{"start":{"line":37,"column":9},"end":{"line":37,"column":64}}},"fnMap":{"0":{"name":"(anonymous_0)","decl":{"start":{"line":19,"column":28},"end":{"line":19,"column":29}},"loc":{"start":{"line":19,"column":48},"end":{"line":24,"column":1}},"line":19},"1":{"name":"(anonymous_1)","decl":{"start":{"line":26,"column":28},"end":{"line":26,"column":29}},"loc":{"start":{"line":26,"column":48},"end":{"line":38,"column":1}},"line":26}},"branchMap":{"0":{"loc":{"start":{"line":20,"column":2},"end":{"line":22,"column":3}},"type":"if","locations":[{"start":{"line":20,"column":2},"end":{"line":22,"column":3}},{"start":{},"end":{}}],"line":20},"1":{"loc":{"start":{"line":20,"column":6},"end":{"line":20,"column":59}},"type":"binary-expr","locations":[{"start":{"line":20,"column":6},"end":{"line":20,"column":38}},{"start":{"line":20,"column":42},"end":{"line":20,"column":59}}],"line":20},"2":{"loc":{"start":{"line":30,"column":2},"end":{"line":34,"column":14}},"type":"binary-expr","locations":[{"start":{"line":30,"column":2},"end":{"line":30,"column":21}},{"start":{"line":31,"column":2},"end":{"line":31,"column":31}},{"start":{"line":32,"column":2},"end":{"line":32,"column":43}},{"start":{"line":33,"column":2},"end":{"line":33,"column":52}},{"start":{"line":34,"column":2},"end":{"line":34,"column":14}}],"line":30},"3":{"loc":{"start":{"line":35,"column":2},"end":{"line":37,"column":64}},"type":"if","locations":[{"start":{"line":35,"column":2},"end":{"line":37,"column":64}},{"start":{"line":37,"column":9},"end":{"line":37,"column":64}}],"line":35}},"s":{"0":2,"1":2,"2":2,"3":2,"4":2,"5":31,"6":0,"7":31,"8":2,"9":0,"10":0,"11":0,"12":0,"13":0},"f":{"0":31,"1":0},"b":{"0":[0,31],"1":[31,0],"2":[0,0,0,0,0],"3":[0,0]},"_coverageSchema":"1a1c01bbd47fc00a2c39e90264f33305004495a9","hash":"251271048bb29e71e6a8949a857be4fd61132658"}
,"/mnt/WorkingDrive_1/projects/cutshortAssignmetn/social-media-todo-liste/src/helper/validators.js": {"path":"/mnt/WorkingDrive_1/projects/cutshortAssignmetn/social-media-todo-liste/src/helper/validators.js","statementMap":{"0":{"start":{"line":4,"column":15},"end":{"line":4,"column":46}},"1":{"start":{"line":6,"column":29},"end":{"line":11,"column":1}},"2":{"start":{"line":7,"column":2},"end":{"line":10,"column":4}},"3":{"start":{"line":13,"column":26},"end":{"line":18,"column":1}},"4":{"start":{"line":14,"column":2},"end":{"line":17,"column":4}},"5":{"start":{"line":20,"column":24},"end":{"line":36,"column":1}},"6":{"start":{"line":21,"column":2},"end":{"line":35,"column":3}},"7":{"start":{"line":22,"column":19},"end":{"line":22,"column":46}},"8":{"start":{"line":23,"column":4},"end":{"line":25,"column":5}},"9":{"start":{"line":24,"column":6},"end":{"line":24,"column":20}},"10":{"start":{"line":26,"column":28},"end":{"line":26,"column":30}},"11":{"start":{"line":27,"column":4},"end":{"line":30,"column":7}},"12":{"start":{"line":28,"column":6},"end":{"line":28,"column":18}},"13":{"start":{"line":29,"column":6},"end":{"line":29,"column":79}},"14":{"start":{"line":31,"column":4},"end":{"line":31,"column":61}},"15":{"start":{"line":33,"column":4},"end":{"line":33,"column":24}},"16":{"start":{"line":34,"column":4},"end":{"line":34,"column":14}}},"fnMap":{"0":{"name":"(anonymous_0)","decl":{"start":{"line":6,"column":29},"end":{"line":6,"column":30}},"loc":{"start":{"line":6,"column":35},"end":{"line":11,"column":1}},"line":6},"1":{"name":"(anonymous_1)","decl":{"start":{"line":13,"column":26},"end":{"line":13,"column":27}},"loc":{"start":{"line":13,"column":32},"end":{"line":18,"column":1}},"line":13},"2":{"name":"(anonymous_2)","decl":{"start":{"line":20,"column":24},"end":{"line":20,"column":25}},"loc":{"start":{"line":20,"column":50},"end":{"line":36,"column":1}},"line":20},"3":{"name":"(anonymous_3)","decl":{"start":{"line":27,"column":23},"end":{"line":27,"column":24}},"loc":{"start":{"line":27,"column":32},"end":{"line":30,"column":5}},"line":27}},"branchMap":{"0":{"loc":{"start":{"line":23,"column":4},"end":{"line":25,"column":5}},"type":"if","locations":[{"start":{"line":23,"column":4},"end":{"line":25,"column":5}},{"start":{},"end":{}}],"line":23}},"s":{"0":2,"1":2,"2":2,"3":2,"4":2,"5":2,"6":9,"7":9,"8":9,"9":5,"10":4,"11":4,"12":9,"13":9,"14":4,"15":0,"16":0},"f":{"0":2,"1":2,"2":9,"3":9},"b":{"0":[5,4]},"_coverageSchema":"1a1c01bbd47fc00a2c39e90264f33305004495a9","hash":"5be7fc9dddec471bd5c34bb2a48ca9cba2590e0b"}
,"/mnt/WorkingDrive_1/projects/cutshortAssignmetn/social-media-todo-liste/src/middleware/errorMiddleware.js": {"path":"/mnt/WorkingDrive_1/projects/cutshortAssignmetn/social-media-todo-liste/src/middleware/errorMiddleware.js","statementMap":{"0":{"start":{"line":4,"column":15},"end":{"line":4,"column":42}},"1":{"start":{"line":6,"column":24},"end":{"line":15,"column":1}},"2":{"start":{"line":7,"column":2},"end":{"line":7,"column":18}},"3":{"start":{"line":9,"column":2},"end":{"line":13,"column":5}},"4":{"start":{"line":14,"column":2},"end":{"line":14,"column":9}},"5":{"start":{"line":17,"column":26},"end":{"line":27,"column":1}},"6":{"start":{"line":18,"column":21},"end":{"line":18,"column":66}},"7":{"start":{"line":19,"column":2},"end":{"line":19,"column":25}},"8":{"start":{"line":20,"column":2},"end":{"line":25,"column":5}},"9":{"start":{"line":26,"column":2},"end":{"line":26,"column":9}},"10":{"start":{"line":29,"column":30},"end":{"line":52,"column":1}},"11":{"start":{"line":32,"column":2},"end":{"line":32,"column":82}},"12":{"start":{"line":33,"column":2},"end":{"line":47,"column":4}},"13":{"start":{"line":48,"column":2},"end":{"line":50,"column":3}},"14":{"start":{"line":49,"column":4},"end":{"line":49,"column":33}},"15":{"start":{"line":51,"column":2},"end":{"line":51,"column":9}},"16":{"start":{"line":54,"column":34},"end":{"line":62,"column":1}},"17":{"start":{"line":55,"column":2},"end":{"line":60,"column":3}},"18":{"start":{"line":56,"column":4},"end":{"line":56,"column":67}},"19":{"start":{"line":57,"column":9},"end":{"line":60,"column":3}},"20":{"start":{"line":58,"column":4},"end":{"line":58,"column":67}},"21":{"start":{"line":59,"column":4},"end":{"line":59,"column":16}},"22":{"start":{"line":61,"column":2},"end":{"line":61,"column":9}},"23":{"start":{"line":64,"column":24},"end":{"line":79,"column":1}},"24":{"start":{"line":65,"column":19},"end":{"line":65,"column":58}},"25":{"start":{"line":66,"column":2},"end":{"line":68,"column":3}},"26":{"start":{"line":67,"column":4},"end":{"line":67,"column":71}},"27":{"start":{"line":70,"column":2},"end":{"line":78,"column":3}},"28":{"start":{"line":71,"column":20},"end":{"line":71,"column":47}},"29":{"start":{"line":72,"column":17},"end":{"line":72,"column":48}},"30":{"start":{"line":73,"column":4},"end":{"line":73,"column":30}},"31":{"start":{"line":74,"column":4},"end":{"line":74,"column":20}},"32":{"start":{"line":75,"column":4},"end":{"line":75,"column":11}},"33":{"start":{"line":77,"column":4},"end":{"line":77,"column":14}}},"fnMap":{"0":{"name":"(anonymous_0)","decl":{"start":{"line":6,"column":24},"end":{"line":6,"column":25}},"loc":{"start":{"line":6,"column":44},"end":{"line":15,"column":1}},"line":6},"1":{"name":"(anonymous_1)","decl":{"start":{"line":17,"column":26},"end":{"line":17,"column":27}},"loc":{"start":{"line":17,"column":51},"end":{"line":27,"column":1}},"line":17},"2":{"name":"(anonymous_2)","decl":{"start":{"line":29,"column":30},"end":{"line":29,"column":31}},"loc":{"start":{"line":29,"column":50},"end":{"line":52,"column":1}},"line":29},"3":{"name":"(anonymous_3)","decl":{"start":{"line":54,"column":34},"end":{"line":54,"column":35}},"loc":{"start":{"line":54,"column":59},"end":{"line":62,"column":1}},"line":54},"4":{"name":"(anonymous_4)","decl":{"start":{"line":64,"column":24},"end":{"line":64,"column":25}},"loc":{"start":{"line":64,"column":50},"end":{"line":79,"column":1}},"line":64}},"branchMap":{"0":{"loc":{"start":{"line":18,"column":21},"end":{"line":18,"column":66}},"type":"cond-expr","locations":[{"start":{"line":18,"column":46},"end":{"line":18,"column":60}},{"start":{"line":18,"column":63},"end":{"line":18,"column":66}}],"line":18},"1":{"loc":{"start":{"line":23,"column":13},"end":{"line":23,"column":74}},"type":"cond-expr","locations":[{"start":{"line":23,"column":53},"end":{"line":23,"column":62}},{"start":{"line":23,"column":65},"end":{"line":23,"column":74}}],"line":23},"2":{"loc":{"start":{"line":48,"column":2},"end":{"line":50,"column":3}},"type":"if","locations":[{"start":{"line":48,"column":2},"end":{"line":50,"column":3}},{"start":{},"end":{}}],"line":48},"3":{"loc":{"start":{"line":55,"column":2},"end":{"line":60,"column":3}},"type":"if","locations":[{"start":{"line":55,"column":2},"end":{"line":60,"column":3}},{"start":{"line":57,"column":9},"end":{"line":60,"column":3}}],"line":55},"4":{"loc":{"start":{"line":57,"column":9},"end":{"line":60,"column":3}},"type":"if","locations":[{"start":{"line":57,"column":9},"end":{"line":60,"column":3}},{"start":{},"end":{}}],"line":57},"5":{"loc":{"start":{"line":66,"column":2},"end":{"line":68,"column":3}},"type":"if","locations":[{"start":{"line":66,"column":2},"end":{"line":68,"column":3}},{"start":{},"end":{}}],"line":66}},"s":{"0":2,"1":2,"2":1,"3":1,"4":1,"5":2,"6":0,"7":0,"8":0,"9":0,"10":2,"11":31,"12":31,"13":31,"14":0,"15":31,"16":2,"17":0,"18":0,"19":0,"20":0,"21":0,"22":0,"23":2,"24":19,"25":19,"26":3,"27":16,"28":16,"29":16,"30":16,"31":16,"32":16,"33":0},"f":{"0":1,"1":0,"2":31,"3":0,"4":19},"b":{"0":[0,0],"1":[0,0],"2":[0,31],"3":[0,0],"4":[0,0],"5":[3,16]},"_coverageSchema":"1a1c01bbd47fc00a2c39e90264f33305004495a9","hash":"fa72cb00fa2aeb5c659f3246ffeac997e5cd3e53"}
,"/mnt/WorkingDrive_1/projects/cutshortAssignmetn/social-media-todo-liste/src/middleware/middleware.js": {"path":"/mnt/WorkingDrive_1/projects/cutshortAssignmetn/social-media-todo-liste/src/middleware/middleware.js","statementMap":{"0":{"start":{"line":5,"column":24},"end":{"line":5,"column":33}},"1":{"start":{"line":6,"column":12},"end":{"line":6,"column":43}},"2":{"start":{"line":8,"column":19},"end":{"line":28,"column":1}},"3":{"start":{"line":9,"column":20},"end":{"line":9,"column":23}},"4":{"start":{"line":10,"column":2},"end":{"line":27,"column":4}},"5":{"start":{"line":30,"column":41},"end":{"line":122,"column":1}},"6":{"start":{"line":31,"column":2},"end":{"line":31,"column":65}},"7":{"start":{"line":31,"column":24},"end":{"line":31,"column":64}},"8":{"start":{"line":33,"column":2},"end":{"line":33,"column":74}},"9":{"start":{"line":35,"column":2},"end":{"line":52,"column":4}},"10":{"start":{"line":36,"column":4},"end":{"line":43,"column":5}},"11":{"start":{"line":37,"column":6},"end":{"line":42,"column":9}},"12":{"start":{"line":45,"column":47},"end":{"line":45,"column":57}},"13":{"start":{"line":46,"column":4},"end":{"line":51,"column":7}},"14":{"start":{"line":54,"column":2},"end":{"line":60,"column":4}},"15":{"start":{"line":55,"column":4},"end":{"line":59,"column":7}},"16":{"start":{"line":62,"column":2},"end":{"line":84,"column":4}},"17":{"start":{"line":63,"column":4},"end":{"line":63,"column":46}},"18":{"start":{"line":65,"column":4},"end":{"line":73,"column":5}},"19":{"start":{"line":66,"column":6},"end":{"line":72,"column":9}},"20":{"start":{"line":75,"column":69},"end":{"line":75,"column":79}},"21":{"start":{"line":77,"column":4},"end":{"line":83,"column":7}},"22":{"start":{"line":86,"column":2},"end":{"line":97,"column":4}},"23":{"start":{"line":87,"column":4},"end":{"line":87,"column":19}},"24":{"start":{"line":88,"column":4},"end":{"line":88,"column":23}},"25":{"start":{"line":90,"column":4},"end":{"line":96,"column":7}},"26":{"start":{"line":99,"column":2},"end":{"line":110,"column":4}},"27":{"start":{"line":100,"column":4},"end":{"line":100,"column":17}},"28":{"start":{"line":101,"column":4},"end":{"line":101,"column":20}},"29":{"start":{"line":103,"column":4},"end":{"line":109,"column":7}},"30":{"start":{"line":112,"column":2},"end":{"line":120,"column":4}},"31":{"start":{"line":113,"column":4},"end":{"line":119,"column":7}},"32":{"start":{"line":121,"column":2},"end":{"line":121,"column":9}}},"fnMap":{"0":{"name":"(anonymous_0)","decl":{"start":{"line":8,"column":19},"end":{"line":8,"column":20}},"loc":{"start":{"line":8,"column":65},"end":{"line":28,"column":1}},"line":8},"1":{"name":"(anonymous_1)","decl":{"start":{"line":30,"column":41},"end":{"line":30,"column":42}},"loc":{"start":{"line":30,"column":61},"end":{"line":122,"column":1}},"line":30},"2":{"name":"(anonymous_2)","decl":{"start":{"line":31,"column":18},"end":{"line":31,"column":19}},"loc":{"start":{"line":31,"column":24},"end":{"line":31,"column":64}},"line":31},"3":{"name":"(anonymous_3)","decl":{"start":{"line":35,"column":11},"end":{"line":35,"column":12}},"loc":{"start":{"line":35,"column":32},"end":{"line":52,"column":3}},"line":35},"4":{"name":"(anonymous_4)","decl":{"start":{"line":54,"column":16},"end":{"line":54,"column":17}},"loc":{"start":{"line":54,"column":39},"end":{"line":60,"column":3}},"line":54},"5":{"name":"(anonymous_5)","decl":{"start":{"line":62,"column":14},"end":{"line":62,"column":15}},"loc":{"start":{"line":62,"column":44},"end":{"line":84,"column":3}},"line":62},"6":{"name":"(anonymous_6)","decl":{"start":{"line":86,"column":28},"end":{"line":86,"column":29}},"loc":{"start":{"line":86,"column":35},"end":{"line":97,"column":3}},"line":86},"7":{"name":"(anonymous_7)","decl":{"start":{"line":99,"column":21},"end":{"line":99,"column":22}},"loc":{"start":{"line":99,"column":39},"end":{"line":110,"column":3}},"line":99},"8":{"name":"(anonymous_8)","decl":{"start":{"line":112,"column":18},"end":{"line":112,"column":19}},"loc":{"start":{"line":112,"column":24},"end":{"line":120,"column":3}},"line":112}},"branchMap":{"0":{"loc":{"start":{"line":8,"column":31},"end":{"line":8,"column":43}},"type":"default-arg","locations":[{"start":{"line":8,"column":41},"end":{"line":8,"column":43}}],"line":8},"1":{"loc":{"start":{"line":8,"column":45},"end":{"line":8,"column":60}},"type":"default-arg","locations":[{"start":{"line":8,"column":58},"end":{"line":8,"column":60}}],"line":8},"2":{"loc":{"start":{"line":35,"column":12},"end":{"line":35,"column":27}},"type":"default-arg","locations":[{"start":{"line":35,"column":25},"end":{"line":35,"column":27}}],"line":35},"3":{"loc":{"start":{"line":36,"column":4},"end":{"line":43,"column":5}},"type":"if","locations":[{"start":{"line":36,"column":4},"end":{"line":43,"column":5}},{"start":{},"end":{}}],"line":36},"4":{"loc":{"start":{"line":45,"column":12},"end":{"line":45,"column":31}},"type":"default-arg","locations":[{"start":{"line":45,"column":22},"end":{"line":45,"column":31}}],"line":45},"5":{"loc":{"start":{"line":45,"column":33},"end":{"line":45,"column":42}},"type":"default-arg","locations":[{"start":{"line":45,"column":40},"end":{"line":45,"column":42}}],"line":45},"6":{"loc":{"start":{"line":65,"column":4},"end":{"line":73,"column":5}},"type":"if","locations":[{"start":{"line":65,"column":4},"end":{"line":73,"column":5}},{"start":{},"end":{}}],"line":65},"7":{"loc":{"start":{"line":75,"column":12},"end":{"line":75,"column":28}},"type":"default-arg","locations":[{"start":{"line":75,"column":25},"end":{"line":75,"column":28}}],"line":75},"8":{"loc":{"start":{"line":75,"column":30},"end":{"line":75,"column":53}},"type":"default-arg","locations":[{"start":{"line":75,"column":40},"end":{"line":75,"column":53}}],"line":75},"9":{"loc":{"start":{"line":75,"column":55},"end":{"line":75,"column":64}},"type":"default-arg","locations":[{"start":{"line":75,"column":62},"end":{"line":75,"column":64}}],"line":75},"10":{"loc":{"start":{"line":99,"column":22},"end":{"line":99,"column":34}},"type":"default-arg","locations":[{"start":{"line":99,"column":32},"end":{"line":99,"column":34}}],"line":99}},"s":{"0":2,"1":2,"2":2,"3":11,"4":11,"5":2,"6":31,"7":0,"8":31,"9":31,"10":15,"11":0,"12":15,"13":15,"14":31,"15":0,"16":31,"17":8,"18":8,"19":0,"20":8,"21":8,"22":31,"23":0,"24":0,"25":0,"26":31,"27":3,"28":3,"29":3,"30":31,"31":0,"32":31},"f":{"0":11,"1":31,"2":0,"3":15,"4":0,"5":8,"6":0,"7":3,"8":0},"b":{"0":[11],"1":[3],"2":[0],"3":[0,15],"4":[0],"5":[0],"6":[0,8],"7":[8],"8":[0],"9":[8],"10":[0]},"_coverageSchema":"1a1c01bbd47fc00a2c39e90264f33305004495a9","hash":"160fc24675310cdb06210aad990038e7e4d9fb7b"}
,"/mnt/WorkingDrive_1/projects/cutshortAssignmetn/social-media-todo-liste/src/models/commentModel.js": {"path":"/mnt/WorkingDrive_1/projects/cutshortAssignmetn/social-media-todo-liste/src/models/commentModel.js","statementMap":{"0":{"start":{"line":3,"column":16},"end":{"line":13,"column":1}}},"fnMap":{},"branchMap":{},"s":{"0":2},"f":{},"b":{},"_coverageSchema":"1a1c01bbd47fc00a2c39e90264f33305004495a9","hash":"2421c9b5a3f5f5d7161474c87a9dd2ff05adf25f"}
,"/mnt/WorkingDrive_1/projects/cutshortAssignmetn/social-media-todo-liste/src/models/index.js": {"path":"/mnt/WorkingDrive_1/projects/cutshortAssignmetn/social-media-todo-liste/src/models/index.js","statementMap":{},"fnMap":{},"branchMap":{},"s":{},"f":{},"b":{},"_coverageSchema":"1a1c01bbd47fc00a2c39e90264f33305004495a9","hash":"a6c9a6079179b41496e93f7a2088cb7e47c59a62"}
,"/mnt/WorkingDrive_1/projects/cutshortAssignmetn/social-media-todo-liste/src/models/postModel.js": {"path":"/mnt/WorkingDrive_1/projects/cutshortAssignmetn/social-media-todo-liste/src/models/postModel.js","statementMap":{"0":{"start":{"line":3,"column":16},"end":{"line":13,"column":1}}},"fnMap":{},"branchMap":{},"s":{"0":2},"f":{},"b":{},"_coverageSchema":"1a1c01bbd47fc00a2c39e90264f33305004495a9","hash":"dc0f3e78a4d3b411701b47f196be8fde20acafa8"}
,"/mnt/WorkingDrive_1/projects/cutshortAssignmetn/social-media-todo-liste/src/models/todoModel.js": {"path":"/mnt/WorkingDrive_1/projects/cutshortAssignmetn/social-media-todo-liste/src/models/todoModel.js","statementMap":{"0":{"start":{"line":3,"column":16},"end":{"line":13,"column":1}}},"fnMap":{},"branchMap":{},"s":{"0":2},"f":{},"b":{},"_coverageSchema":"1a1c01bbd47fc00a2c39e90264f33305004495a9","hash":"524c0e804bbedeae544e15a96e4ae72718f6a552"}
,"/mnt/WorkingDrive_1/projects/cutshortAssignmetn/social-media-todo-liste/src/models/userModel.js": {"path":"/mnt/WorkingDrive_1/projects/cutshortAssignmetn/social-media-todo-liste/src/models/userModel.js","statementMap":{"0":{"start":{"line":5,"column":16},"end":{"line":18,"column":1}}},"fnMap":{},"branchMap":{},"s":{"0":2},"f":{},"b":{},"_coverageSchema":"1a1c01bbd47fc00a2c39e90264f33305004495a9","hash":"0e9fe729ee394486ea9141cf3acb2c7565f02a15"}
,"/mnt/WorkingDrive_1/projects/cutshortAssignmetn/social-media-todo-liste/src/router/commentRoutes.js": {"path":"/mnt/WorkingDrive_1/projects/cutshortAssignmetn/social-media-todo-liste/src/router/commentRoutes.js","statementMap":{"0":{"start":{"line":5,"column":23},"end":{"line":5,"column":35}},"1":{"start":{"line":8,"column":0},"end":{"line":8,"column":50}},"2":{"start":{"line":10,"column":0},"end":{"line":10,"column":57}}},"fnMap":{},"branchMap":{},"s":{"0":2,"1":2,"2":2},"f":{},"b":{},"_coverageSchema":"1a1c01bbd47fc00a2c39e90264f33305004495a9","hash":"38dbad369dffe9c845d05d3dadc86269819b736d"}
,"/mnt/WorkingDrive_1/projects/cutshortAssignmetn/social-media-todo-liste/src/router/index.js": {"path":"/mnt/WorkingDrive_1/projects/cutshortAssignmetn/social-media-todo-liste/src/router/index.js","statementMap":{"0":{"start":{"line":9,"column":18},"end":{"line":9,"column":30}},"1":{"start":{"line":11,"column":0},"end":{"line":11,"column":36}},"2":{"start":{"line":14,"column":0},"end":{"line":14,"column":37}},"3":{"start":{"line":17,"column":0},"end":{"line":17,"column":38}},"4":{"start":{"line":20,"column":0},"end":{"line":20,"column":38}},"5":{"start":{"line":23,"column":0},"end":{"line":23,"column":44}}},"fnMap":{},"branchMap":{},"s":{"0":2,"1":2,"2":2,"3":2,"4":2,"5":2},"f":{},"b":{},"_coverageSchema":"1a1c01bbd47fc00a2c39e90264f33305004495a9","hash":"9d932981295389ba5a86015bb7f2736498fbb814"}
,"/mnt/WorkingDrive_1/projects/cutshortAssignmetn/social-media-todo-liste/src/router/postRoutes.js": {"path":"/mnt/WorkingDrive_1/projects/cutshortAssignmetn/social-media-todo-liste/src/router/postRoutes.js","statementMap":{"0":{"start":{"line":5,"column":20},"end":{"line":5,"column":32}},"1":{"start":{"line":8,"column":0},"end":{"line":8,"column":44}},"2":{"start":{"line":11,"column":0},"end":{"line":11,"column":44}},"3":{"start":{"line":14,"column":0},"end":{"line":14,"column":50}}},"fnMap":{},"branchMap":{},"s":{"0":2,"1":2,"2":2,"3":2},"f":{},"b":{},"_coverageSchema":"1a1c01bbd47fc00a2c39e90264f33305004495a9","hash":"39f5e58a8d4f130ec238607a40f8921f7811a9d9"}
,"/mnt/WorkingDrive_1/projects/cutshortAssignmetn/social-media-todo-liste/src/router/todoRoutes.js": {"path":"/mnt/WorkingDrive_1/projects/cutshortAssignmetn/social-media-todo-liste/src/router/todoRoutes.js","statementMap":{"0":{"start":{"line":5,"column":20},"end":{"line":5,"column":32}},"1":{"start":{"line":8,"column":0},"end":{"line":8,"column":44}},"2":{"start":{"line":11,"column":0},"end":{"line":11,"column":44}},"3":{"start":{"line":14,"column":0},"end":{"line":14,"column":45}},"4":{"start":{"line":17,"column":0},"end":{"line":17,"column":48}},"5":{"start":{"line":20,"column":0},"end":{"line":20,"column":49}}},"fnMap":{},"branchMap":{},"s":{"0":2,"1":2,"2":2,"3":2,"4":2,"5":2},"f":{},"b":{},"_coverageSchema":"1a1c01bbd47fc00a2c39e90264f33305004495a9","hash":"6a924508f310bebf0955912b15c03b82c8f1d44a"}
,"/mnt/WorkingDrive_1/projects/cutshortAssignmetn/social-media-todo-liste/src/router/userRoutes.js": {"path":"/mnt/WorkingDrive_1/projects/cutshortAssignmetn/social-media-todo-liste/src/router/userRoutes.js","statementMap":{"0":{"start":{"line":6,"column":20},"end":{"line":6,"column":32}},"1":{"start":{"line":8,"column":0},"end":{"line":8,"column":71}},"2":{"start":{"line":10,"column":0},"end":{"line":10,"column":62}},"3":{"start":{"line":12,"column":0},"end":{"line":12,"column":44}},"4":{"start":{"line":14,"column":0},"end":{"line":14,"column":51}},"5":{"start":{"line":16,"column":0},"end":{"line":16,"column":39}}},"fnMap":{},"branchMap":{},"s":{"0":2,"1":2,"2":2,"3":2,"4":2,"5":2},"f":{},"b":{},"_coverageSchema":"1a1c01bbd47fc00a2c39e90264f33305004495a9","hash":"9a7876a3dc7ea0ba1439584eb9ade68f406a2c1e"}
}
