TN:
SF:__tests__/__dummyData__/userDummyData.js
FNF:0
FNH:0
LF:0
LH:0
BRF:0
BRH:0
end_of_record
TN:
SF:src/app.js
FN:33,(anonymous_0)
FNF:1
FNH:1
FNDA:24,(anonymous_0)
DA:19,4
DA:20,4
DA:21,4
DA:23,4
DA:29,4
DA:30,0
DA:31,0
DA:33,4
DA:35,24
DA:36,0
DA:44,24
DA:52,24
DA:55,4
DA:56,4
DA:57,4
DA:67,4
DA:68,4
DA:69,4
DA:70,4
DA:71,4
DA:72,4
DA:73,4
DA:75,4
DA:76,4
DA:78,4
DA:84,4
DA:85,4
DA:86,4
DA:88,4
DA:89,4
DA:90,4
LF:31
LH:28
BRDA:29,0,0,0
BRDA:29,0,1,4
BRDA:35,1,0,0
BRDA:35,1,1,24
BRF:4
BRH:2
end_of_record
TN:
SF:src/appConfig.js
FNF:0
FNH:0
DA:4,5
LF:1
LH:1
BRDA:7,0,0,5
BRDA:7,0,1,0
BRDA:7,0,2,0
BRDA:8,1,0,5
BRDA:8,1,1,0
BRDA:8,1,2,0
BRDA:9,2,0,5
BRDA:9,2,1,0
BRDA:9,2,2,0
BRDA:12,3,0,5
BRDA:12,3,1,0
BRDA:12,3,2,0
BRDA:13,4,0,5
BRDA:13,4,1,0
BRDA:13,4,2,0
BRDA:14,5,0,5
BRDA:14,5,1,0
BRDA:14,5,2,0
BRDA:15,6,0,5
BRDA:15,6,1,0
BRDA:15,6,2,0
BRDA:16,7,0,5
BRDA:16,7,1,0
BRDA:16,7,2,0
BRDA:17,8,0,5
BRDA:17,8,1,0
BRDA:17,8,2,0
BRF:27
BRH:9
end_of_record
TN:
SF:src/controllers/todoCtrl.js
FN:7,(anonymous_0)
FN:18,(anonymous_1)
FN:39,(anonymous_2)
FN:58,(anonymous_3)
FN:74,(anonymous_4)
FN:81,(anonymous_5)
FNF:6
FNH:6
FNDA:1,(anonymous_0)
FNDA:1,(anonymous_1)
FNDA:2,(anonymous_2)
FNDA:2,(anonymous_3)
FNDA:2,(anonymous_4)
FNDA:1,(anonymous_5)
DA:5,4
DA:7,4
DA:8,1
DA:9,1
DA:10,1
DA:11,1
DA:13,0
DA:14,0
DA:18,4
DA:19,1
DA:20,1
DA:21,1
DA:22,1
DA:28,1
DA:29,1
DA:30,1
DA:32,1
DA:34,0
DA:35,0
DA:39,4
DA:40,2
DA:41,2
DA:42,2
DA:43,2
DA:44,1
DA:45,1
DA:46,1
DA:47,1
DA:48,1
DA:49,1
DA:51,1
DA:53,0
DA:54,0
DA:58,4
DA:59,2
DA:60,2
DA:61,2
DA:62,1
DA:63,1
DA:64,1
DA:65,1
DA:67,1
DA:69,0
DA:70,0
DA:74,4
DA:75,2
DA:76,2
DA:77,2
DA:78,2
DA:79,1
DA:80,1
DA:81,1
DA:82,1
DA:83,1
DA:85,1
DA:87,0
DA:88,0
LF:57
LH:47
BRDA:43,0,0,1
BRDA:43,0,1,1
BRDA:61,1,0,1
BRDA:61,1,1,1
BRDA:78,2,0,1
BRDA:78,2,1,1
BRF:6
BRH:6
end_of_record
TN:
SF:src/controllers/userCtrl.js
FN:7,(anonymous_0)
FN:26,(anonymous_1)
FN:53,(anonymous_2)
FN:64,(anonymous_3)
FNF:4
FNH:3
FNDA:2,(anonymous_0)
FNDA:3,(anonymous_1)
FNDA:0,(anonymous_2)
FNDA:8,(anonymous_3)
DA:5,4
DA:7,4
DA:8,2
DA:9,2
DA:10,2
DA:11,2
DA:12,2
DA:13,1
DA:14,1
DA:15,1
DA:16,1
DA:17,1
DA:19,1
DA:21,0
DA:22,0
DA:26,4
DA:27,3
DA:28,3
DA:29,3
DA:30,3
DA:31,1
DA:33,2
DA:34,2
DA:35,1
DA:37,1
DA:42,1
DA:43,1
DA:44,1
DA:45,1
DA:46,1
DA:48,0
DA:49,0
DA:53,4
DA:54,0
DA:55,0
DA:56,0
DA:58,0
DA:59,0
DA:64,4
DA:65,8
DA:66,8
DA:68,0
LF:42
LH:32
BRDA:12,0,0,1
BRDA:12,0,1,1
BRDA:30,1,0,1
BRDA:30,1,1,2
BRDA:34,2,0,1
BRDA:34,2,1,1
BRF:6
BRH:6
end_of_record
TN:
SF:src/helper/dbConnectionHelper.js
FN:18,(anonymous_0)
FN:29,(anonymous_1)
FN:33,(anonymous_2)
FN:38,(anonymous_3)
FNF:4
FNH:3
FNDA:0,(anonymous_0)
FNDA:1,(anonymous_1)
FNDA:1,(anonymous_2)
FNDA:1,(anonymous_3)
DA:6,1
DA:7,1
DA:8,1
DA:10,1
DA:18,1
DA:19,0
DA:20,0
DA:21,0
DA:23,0
DA:29,1
DA:30,1
DA:33,1
DA:34,1
DA:35,1
DA:38,1
DA:39,1
DA:41,1
DA:42,4
DA:43,4
LF:19
LH:15
BRF:0
BRH:0
end_of_record
TN:
SF:src/helper/encryptionHelper.js
FN:7,(anonymous_0)
FN:14,(anonymous_1)
FN:20,(anonymous_2)
FN:28,(anonymous_3)
FN:38,(anonymous_4)
FN:42,(anonymous_5)
FN:46,(anonymous_6)
FNF:7
FNH:6
FNDA:12,(anonymous_0)
FNDA:0,(anonymous_1)
FNDA:3,(anonymous_2)
FNDA:3,(anonymous_3)
FNDA:2,(anonymous_4)
FNDA:2,(anonymous_5)
FNDA:8,(anonymous_6)
DA:5,5
DA:7,5
DA:8,12
DA:14,5
DA:15,0
DA:16,0
DA:17,0
DA:20,5
DA:21,3
DA:22,3
DA:23,3
DA:24,3
DA:25,3
DA:28,5
DA:29,3
DA:30,3
DA:31,3
DA:32,3
DA:33,3
DA:34,3
DA:35,3
DA:38,5
DA:39,2
DA:42,5
DA:43,2
DA:46,5
DA:47,8
LF:27
LH:24
BRDA:39,0,0,1
BRDA:39,0,1,1
BRF:2
BRH:2
end_of_record
TN:
SF:src/helper/extraHelper.js
FN:5,(anonymous_0)
FN:17,(anonymous_1)
FNF:2
FNH:2
FNDA:4,(anonymous_0)
FNDA:1,(anonymous_1)
DA:3,4
DA:5,4
DA:6,4
DA:7,4
DA:10,4
DA:12,0
DA:13,0
DA:17,4
DA:18,1
DA:19,1
DA:22,1
DA:24,0
DA:25,0
LF:13
LH:9
BRF:0
BRH:0
end_of_record
TN:
SF:src/helper/sessionHelper.js
FN:19,(anonymous_0)
FN:26,(anonymous_1)
FNF:2
FNH:1
FNDA:24,(anonymous_0)
FNDA:0,(anonymous_1)
DA:6,4
DA:8,4
DA:9,4
DA:11,4
DA:19,4
DA:20,24
DA:21,0
DA:23,24
DA:26,4
DA:27,0
DA:30,0
DA:35,0
DA:36,0
DA:37,0
LF:14
LH:8
BRDA:20,0,0,0
BRDA:20,0,1,24
BRDA:20,1,0,24
BRDA:20,1,1,0
BRDA:30,2,0,0
BRDA:30,2,1,0
BRDA:30,2,2,0
BRDA:30,2,3,0
BRDA:30,2,4,0
BRDA:35,3,0,0
BRDA:35,3,1,0
BRF:11
BRH:2
end_of_record
TN:
SF:src/helper/validators.js
FN:6,(anonymous_0)
FN:13,(anonymous_1)
FN:20,(anonymous_2)
FN:27,(anonymous_3)
FNF:4
FNH:4
FNDA:4,(anonymous_0)
FNDA:4,(anonymous_1)
FNDA:9,(anonymous_2)
FNDA:9,(anonymous_3)
DA:4,4
DA:6,4
DA:7,4
DA:13,4
DA:14,4
DA:20,4
DA:21,9
DA:22,9
DA:23,9
DA:24,5
DA:26,4
DA:27,4
DA:28,9
DA:29,9
DA:31,4
DA:33,0
DA:34,0
LF:17
LH:15
BRDA:23,0,0,5
BRDA:23,0,1,4
BRF:2
BRH:2
end_of_record
TN:
SF:src/middleware/errorMiddleware.js
FN:6,(anonymous_0)
FN:17,(anonymous_1)
FN:29,(anonymous_2)
FN:54,(anonymous_3)
FN:64,(anonymous_4)
FNF:5
FNH:3
FNDA:1,(anonymous_0)
FNDA:0,(anonymous_1)
FNDA:24,(anonymous_2)
FNDA:0,(anonymous_3)
FNDA:9,(anonymous_4)
DA:4,4
DA:6,4
DA:7,1
DA:9,1
DA:14,1
DA:17,4
DA:18,0
DA:19,0
DA:20,0
DA:26,0
DA:29,4
DA:32,24
DA:33,24
DA:48,24
DA:49,0
DA:51,24
DA:54,4
DA:55,0
DA:56,0
DA:57,0
DA:58,0
DA:59,0
DA:61,0
DA:64,4
DA:65,9
DA:66,9
DA:67,1
DA:70,8
DA:71,8
DA:72,8
DA:73,8
DA:74,8
DA:75,8
DA:77,0
LF:34
LH:22
BRDA:18,0,0,0
BRDA:18,0,1,0
BRDA:23,1,0,0
BRDA:23,1,1,0
BRDA:48,2,0,0
BRDA:48,2,1,24
BRDA:55,3,0,0
BRDA:55,3,1,0
BRDA:57,4,0,0
BRDA:57,4,1,0
BRDA:66,5,0,1
BRDA:66,5,1,8
BRF:12
BRH:3
end_of_record
TN:
SF:src/middleware/middleware.js
FN:8,(anonymous_0)
FN:30,(anonymous_1)
FN:31,(anonymous_2)
FN:35,(anonymous_3)
FN:54,(anonymous_4)
FN:62,(anonymous_5)
FN:86,(anonymous_6)
FN:99,(anonymous_7)
FN:112,(anonymous_8)
FNF:9
FNH:5
FNDA:7,(anonymous_0)
FNDA:24,(anonymous_1)
FNDA:0,(anonymous_2)
FNDA:12,(anonymous_3)
FNDA:0,(anonymous_4)
FNDA:6,(anonymous_5)
FNDA:0,(anonymous_6)
FNDA:1,(anonymous_7)
FNDA:0,(anonymous_8)
DA:5,4
DA:6,4
DA:8,4
DA:9,7
DA:10,7
DA:30,4
DA:31,24
DA:33,24
DA:35,24
DA:36,12
DA:37,0
DA:45,12
DA:46,12
DA:54,24
DA:55,0
DA:62,24
DA:63,6
DA:65,6
DA:66,0
DA:75,6
DA:77,6
DA:86,24
DA:87,0
DA:88,0
DA:90,0
DA:99,24
DA:100,1
DA:101,1
DA:103,1
DA:112,24
DA:113,0
DA:121,24
LF:32
LH:25
BRDA:8,0,0,7
BRDA:8,1,0,1
BRDA:35,2,0,0
BRDA:36,3,0,0
BRDA:36,3,1,12
BRDA:45,4,0,0
BRDA:45,5,0,0
BRDA:65,6,0,0
BRDA:65,6,1,6
BRDA:75,7,0,6
BRDA:75,8,0,0
BRDA:75,9,0,6
BRDA:99,10,0,0
BRF:13
BRH:6
end_of_record
TN:
SF:src/models/commentModel.js
FNF:0
FNH:0
DA:3,4
LF:1
LH:1
BRF:0
BRH:0
end_of_record
TN:
SF:src/models/index.js
FNF:0
FNH:0
LF:0
LH:0
BRF:0
BRH:0
end_of_record
TN:
SF:src/models/postModel.js
FNF:0
FNH:0
DA:3,4
LF:1
LH:1
BRF:0
BRH:0
end_of_record
TN:
SF:src/models/todoModel.js
FNF:0
FNH:0
DA:4,4
LF:1
LH:1
BRF:0
BRH:0
end_of_record
TN:
SF:src/models/userModel.js
FNF:0
FNH:0
DA:4,4
LF:1
LH:1
BRF:0
BRH:0
end_of_record
TN:
SF:src/router/commentRoutes.js
FNF:0
FNH:0
DA:4,4
DA:7,4
LF:2
LH:2
BRF:0
BRH:0
end_of_record
TN:
SF:src/router/index.js
FNF:0
FNH:0
DA:9,4
DA:11,4
DA:14,4
DA:17,4
DA:20,4
DA:23,4
LF:6
LH:6
BRF:0
BRH:0
end_of_record
TN:
SF:src/router/postRoutes.js
FNF:0
FNH:0
DA:4,4
DA:7,4
LF:2
LH:2
BRF:0
BRH:0
end_of_record
TN:
SF:src/router/todoRoutes.js
FNF:0
FNH:0
DA:5,4
DA:8,4
DA:11,4
DA:14,4
DA:17,4
DA:20,4
LF:6
LH:6
BRF:0
BRH:0
end_of_record
TN:
SF:src/router/userRoutes.js
FNF:0
FNH:0
DA:6,4
DA:9,4
DA:11,4
DA:13,4
DA:15,4
LF:5
LH:5
BRF:0
BRH:0
end_of_record
